{"D:\\My actions\\Current skills\\Web Projects\\kyc-system\\backend\\src\\config\\database.ts": {"path":"D:\\My actions\\Current skills\\Web Projects\\kyc-system\\backend\\src\\config\\database.ts","statementMap":{"0":{"start":{"line":1,"column":0},"end":{"line":1,"column":32}},"1":{"start":{"line":3,"column":31},"end":{"line":14,"column":1}},"2":{"start":{"line":4,"column":2},"end":{"line":13,"column":3}},"3":{"start":{"line":5,"column":21},"end":{"line":5,"column":86}},"4":{"start":{"line":7,"column":4},"end":{"line":7,"column":37}},"5":{"start":{"line":9,"column":4},"end":{"line":9,"column":52}},"6":{"start":{"line":11,"column":4},"end":{"line":11,"column":56}},"7":{"start":{"line":12,"column":4},"end":{"line":12,"column":20}},"8":{"start":{"line":3,"column":13},"end":{"line":3,"column":31}},"9":{"start":{"line":16,"column":0},"end":{"line":18,"column":3}},"10":{"start":{"line":17,"column":2},"end":{"line":17,"column":39}},"11":{"start":{"line":20,"column":0},"end":{"line":22,"column":3}},"12":{"start":{"line":21,"column":2},"end":{"line":21,"column":38}}},"fnMap":{"0":{"name":"(anonymous_1)","decl":{"start":{"line":3,"column":31},"end":{"line":3,"column":36}},"loc":{"start":{"line":3,"column":57},"end":{"line":14,"column":1}}},"1":{"name":"(anonymous_2)","decl":{"start":{"line":16,"column":32},"end":{"line":16,"column":33}},"loc":{"start":{"line":16,"column":40},"end":{"line":18,"column":1}}},"2":{"name":"(anonymous_3)","decl":{"start":{"line":20,"column":39},"end":{"line":20,"column":42}},"loc":{"start":{"line":20,"column":44},"end":{"line":22,"column":1}}}},"branchMap":{"0":{"loc":{"start":{"line":5,"column":21},"end":{"line":5,"column":86}},"type":"binary-expr","locations":[{"start":{"line":5,"column":21},"end":{"line":5,"column":44}},{"start":{"line":5,"column":48},"end":{"line":5,"column":86}}]}},"s":{"0":0,"1":0,"2":0,"3":0,"4":0,"5":0,"6":0,"7":0,"8":0,"9":0,"10":0,"11":0,"12":0},"f":{"0":0,"1":0,"2":0},"b":{"0":[0,0]}}
,"D:\\My actions\\Current skills\\Web Projects\\kyc-system\\backend\\src\\config\\jwt.ts": {"path":"D:\\My actions\\Current skills\\Web Projects\\kyc-system\\backend\\src\\config\\jwt.ts","statementMap":{"0":{"start":{"line":1,"column":0},"end":{"line":1,"column":31}},"1":{"start":{"line":3,"column":19},"end":{"line":3,"column":72}},"2":{"start":{"line":4,"column":23},"end":{"line":4,"column":27}},"3":{"start":{"line":12,"column":29},"end":{"line":14,"column":1}},"4":{"start":{"line":13,"column":2},"end":{"line":13,"column":70}},"5":{"start":{"line":12,"column":13},"end":{"line":12,"column":29}},"6":{"start":{"line":16,"column":27},"end":{"line":22,"column":1}},"7":{"start":{"line":17,"column":2},"end":{"line":21,"column":3}},"8":{"start":{"line":18,"column":4},"end":{"line":18,"column":57}},"9":{"start":{"line":20,"column":4},"end":{"line":20,"column":37}},"10":{"start":{"line":16,"column":13},"end":{"line":16,"column":27}}},"fnMap":{"0":{"name":"(anonymous_1)","decl":{"start":{"line":12,"column":29},"end":{"line":12,"column":30}},"loc":{"start":{"line":12,"column":63},"end":{"line":14,"column":1}}},"1":{"name":"(anonymous_2)","decl":{"start":{"line":16,"column":27},"end":{"line":16,"column":28}},"loc":{"start":{"line":16,"column":59},"end":{"line":22,"column":1}}}},"branchMap":{"0":{"loc":{"start":{"line":3,"column":19},"end":{"line":3,"column":72}},"type":"binary-expr","locations":[{"start":{"line":3,"column":19},"end":{"line":3,"column":41}},{"start":{"line":3,"column":45},"end":{"line":3,"column":72}}]}},"s":{"0":0,"1":0,"2":0,"3":0,"4":0,"5":0,"6":0,"7":0,"8":0,"9":0,"10":0},"f":{"0":0,"1":0},"b":{"0":[0,0]}}
,"D:\\My actions\\Current skills\\Web Projects\\kyc-system\\backend\\src\\config\\rabbitmq.ts": {"path":"D:\\My actions\\Current skills\\Web Projects\\kyc-system\\backend\\src\\config\\rabbitmq.ts","statementMap":{"0":{"start":{"line":1,"column":0},"end":{"line":1,"column":32}},"1":{"start":{"line":4,"column":10},"end":{"line":4,"column":33}},"2":{"start":{"line":5,"column":10},"end":{"line":5,"column":46}},"3":{"start":{"line":6,"column":19},"end":{"line":6,"column":43}},"4":{"start":{"line":10,"column":4},"end":{"line":23,"column":5}},"5":{"start":{"line":11,"column":24},"end":{"line":11,"column":70}},"6":{"start":{"line":12,"column":6},"end":{"line":12,"column":54}},"7":{"start":{"line":13,"column":6},"end":{"line":18,"column":7}},"8":{"start":{"line":14,"column":8},"end":{"line":14,"column":61}},"9":{"start":{"line":15,"column":8},"end":{"line":17,"column":11}},"10":{"start":{"line":19,"column":6},"end":{"line":19,"column":55}},"11":{"start":{"line":21,"column":6},"end":{"line":21,"column":59}},"12":{"start":{"line":22,"column":6},"end":{"line":22,"column":18}},"13":{"start":{"line":28,"column":4},"end":{"line":43,"column":5}},"14":{"start":{"line":29,"column":6},"end":{"line":31,"column":7}},"15":{"start":{"line":30,"column":8},"end":{"line":30,"column":29}},"16":{"start":{"line":33,"column":19},"end":{"line":36,"column":null}},"17":{"start":{"line":39,"column":6},"end":{"line":39,"column":18}},"18":{"start":{"line":41,"column":6},"end":{"line":41,"column":54}},"19":{"start":{"line":42,"column":6},"end":{"line":42,"column":19}},"20":{"start":{"line":48,"column":4},"end":{"line":72,"column":5}},"21":{"start":{"line":49,"column":6},"end":{"line":51,"column":7}},"22":{"start":{"line":50,"column":8},"end":{"line":50,"column":29}},"23":{"start":{"line":53,"column":6},"end":{"line":53,"column":32}},"24":{"start":{"line":55,"column":6},"end":{"line":66,"column":9}},"25":{"start":{"line":56,"column":8},"end":{"line":65,"column":9}},"26":{"start":{"line":57,"column":10},"end":{"line":64,"column":11}},"27":{"start":{"line":58,"column":28},"end":{"line":58,"column":62}},"28":{"start":{"line":59,"column":12},"end":{"line":59,"column":36}},"29":{"start":{"line":60,"column":12},"end":{"line":60,"column":35}},"30":{"start":{"line":62,"column":12},"end":{"line":62,"column":62}},"31":{"start":{"line":63,"column":12},"end":{"line":63,"column":50}},"32":{"start":{"line":68,"column":6},"end":{"line":68,"column":52}},"33":{"start":{"line":70,"column":6},"end":{"line":70,"column":53}},"34":{"start":{"line":71,"column":6},"end":{"line":71,"column":18}},"35":{"start":{"line":77,"column":4},"end":{"line":82,"column":5}},"36":{"start":{"line":78,"column":6},"end":{"line":78,"column":51}},"37":{"start":{"line":78,"column":24},"end":{"line":78,"column":51}},"38":{"start":{"line":79,"column":6},"end":{"line":79,"column":57}},"39":{"start":{"line":79,"column":27},"end":{"line":79,"column":57}},"40":{"start":{"line":81,"column":6},"end":{"line":81,"column":65}},"41":{"start":{"line":86,"column":0},"end":{"line":86,"column":40}}},"fnMap":{"0":{"name":"(anonymous_9)","decl":{"start":{"line":3,"column":0},"end":{"line":3,"column":6}},"loc":{"start":{"line":3,"column":0},"end":{"line":84,"column":1}}},"1":{"name":"(anonymous_10)","decl":{"start":{"line":9,"column":2},"end":{"line":9,"column":7}},"loc":{"start":{"line":9,"column":15},"end":{"line":24,"column":3}}},"2":{"name":"(anonymous_11)","decl":{"start":{"line":27,"column":2},"end":{"line":27,"column":7}},"loc":{"start":{"line":27,"column":32},"end":{"line":44,"column":3}}},"3":{"name":"(anonymous_12)","decl":{"start":{"line":47,"column":2},"end":{"line":47,"column":7}},"loc":{"start":{"line":47,"column":62},"end":{"line":73,"column":3}}},"4":{"name":"(anonymous_13)","decl":{"start":{"line":55,"column":44},"end":{"line":55,"column":49}},"loc":{"start":{"line":55,"column":86},"end":{"line":66,"column":7}}},"5":{"name":"(anonymous_14)","decl":{"start":{"line":76,"column":2},"end":{"line":76,"column":7}},"loc":{"start":{"line":76,"column":13},"end":{"line":83,"column":3}}}},"branchMap":{"0":{"loc":{"start":{"line":11,"column":24},"end":{"line":11,"column":70}},"type":"binary-expr","locations":[{"start":{"line":11,"column":24},"end":{"line":11,"column":48}},{"start":{"line":11,"column":52},"end":{"line":11,"column":70}}]},"1":{"loc":{"start":{"line":13,"column":6},"end":{"line":18,"column":7}},"type":"if","locations":[{"start":{"line":13,"column":6},"end":{"line":18,"column":7}}]},"2":{"loc":{"start":{"line":29,"column":6},"end":{"line":31,"column":7}},"type":"if","locations":[{"start":{"line":29,"column":6},"end":{"line":31,"column":7}}]},"3":{"loc":{"start":{"line":49,"column":6},"end":{"line":51,"column":7}},"type":"if","locations":[{"start":{"line":49,"column":6},"end":{"line":51,"column":7}}]},"4":{"loc":{"start":{"line":56,"column":8},"end":{"line":65,"column":9}},"type":"if","locations":[{"start":{"line":56,"column":8},"end":{"line":65,"column":9}}]},"5":{"loc":{"start":{"line":78,"column":6},"end":{"line":78,"column":51}},"type":"if","locations":[{"start":{"line":78,"column":6},"end":{"line":78,"column":51}}]},"6":{"loc":{"start":{"line":79,"column":6},"end":{"line":79,"column":57}},"type":"if","locations":[{"start":{"line":79,"column":6},"end":{"line":79,"column":57}}]}},"s":{"0":0,"1":0,"2":0,"3":0,"4":0,"5":0,"6":0,"7":0,"8":0,"9":0,"10":0,"11":0,"12":0,"13":0,"14":0,"15":0,"16":0,"17":0,"18":0,"19":0,"20":0,"21":0,"22":0,"23":0,"24":0,"25":0,"26":0,"27":0,"28":0,"29":0,"30":0,"31":0,"32":0,"33":0,"34":0,"35":0,"36":0,"37":0,"38":0,"39":0,"40":0,"41":0},"f":{"0":0,"1":0,"2":0,"3":0,"4":0,"5":0},"b":{"0":[0,0],"1":[0],"2":[0],"3":[0],"4":[0],"5":[0],"6":[0]}}
,"D:\\My actions\\Current skills\\Web Projects\\kyc-system\\backend\\src\\controllers\\adminController.ts": {"path":"D:\\My actions\\Current skills\\Web Projects\\kyc-system\\backend\\src\\controllers\\adminController.ts","statementMap":{"0":{"start":{"line":2,"column":0},"end":{"line":2,"column":32}},"1":{"start":{"line":3,"column":0},"end":{"line":3,"column":48}},"2":{"start":{"line":4,"column":0},"end":{"line":4,"column":76}},"3":{"start":{"line":5,"column":0},"end":{"line":5,"column":72}},"4":{"start":{"line":11,"column":4},"end":{"line":40,"column":5}},"5":{"start":{"line":12,"column":32},"end":{"line":12,"column":73}},"6":{"start":{"line":13,"column":19},"end":{"line":15,"column":32}},"7":{"start":{"line":18,"column":6},"end":{"line":36,"column":7}},"8":{"start":{"line":19,"column":31},"end":{"line":31,"column":null}},"9":{"start":{"line":21,"column":27},"end":{"line":21,"column":41}},"10":{"start":{"line":22,"column":12},"end":{"line":25,"column":13}},"11":{"start":{"line":23,"column":33},"end":{"line":23,"column":105}},"12":{"start":{"line":24,"column":14},"end":{"line":24,"column":42}},"13":{"start":{"line":26,"column":12},"end":{"line":29,"column":13}},"14":{"start":{"line":27,"column":33},"end":{"line":27,"column":113}},"15":{"start":{"line":28,"column":14},"end":{"line":28,"column":50}},"16":{"start":{"line":30,"column":12},"end":{"line":30,"column":26}},"17":{"start":{"line":33,"column":8},"end":{"line":33,"column":43}},"18":{"start":{"line":35,"column":8},"end":{"line":35,"column":27}},"19":{"start":{"line":38,"column":6},"end":{"line":38,"column":53}},"20":{"start":{"line":39,"column":6},"end":{"line":39,"column":70}},"21":{"start":{"line":44,"column":4},"end":{"line":73,"column":5}},"22":{"start":{"line":45,"column":32},"end":{"line":45,"column":73}},"23":{"start":{"line":46,"column":19},"end":{"line":48,"column":33}},"24":{"start":{"line":51,"column":6},"end":{"line":69,"column":7}},"25":{"start":{"line":52,"column":31},"end":{"line":64,"column":null}},"26":{"start":{"line":54,"column":27},"end":{"line":54,"column":41}},"27":{"start":{"line":55,"column":12},"end":{"line":58,"column":13}},"28":{"start":{"line":56,"column":33},"end":{"line":56,"column":105}},"29":{"start":{"line":57,"column":14},"end":{"line":57,"column":42}},"30":{"start":{"line":59,"column":12},"end":{"line":62,"column":13}},"31":{"start":{"line":60,"column":33},"end":{"line":60,"column":113}},"32":{"start":{"line":61,"column":14},"end":{"line":61,"column":50}},"33":{"start":{"line":63,"column":12},"end":{"line":63,"column":26}},"34":{"start":{"line":66,"column":8},"end":{"line":66,"column":43}},"35":{"start":{"line":68,"column":8},"end":{"line":68,"column":27}},"36":{"start":{"line":71,"column":6},"end":{"line":71,"column":54}},"37":{"start":{"line":72,"column":6},"end":{"line":72,"column":71}},"38":{"start":{"line":77,"column":4},"end":{"line":106,"column":5}},"39":{"start":{"line":78,"column":32},"end":{"line":78,"column":73}},"40":{"start":{"line":79,"column":19},"end":{"line":81,"column":33}},"41":{"start":{"line":84,"column":6},"end":{"line":102,"column":7}},"42":{"start":{"line":85,"column":31},"end":{"line":97,"column":null}},"43":{"start":{"line":87,"column":27},"end":{"line":87,"column":41}},"44":{"start":{"line":88,"column":12},"end":{"line":91,"column":13}},"45":{"start":{"line":89,"column":33},"end":{"line":89,"column":105}},"46":{"start":{"line":90,"column":14},"end":{"line":90,"column":42}},"47":{"start":{"line":92,"column":12},"end":{"line":95,"column":13}},"48":{"start":{"line":93,"column":33},"end":{"line":93,"column":113}},"49":{"start":{"line":94,"column":14},"end":{"line":94,"column":50}},"50":{"start":{"line":96,"column":12},"end":{"line":96,"column":26}},"51":{"start":{"line":99,"column":8},"end":{"line":99,"column":43}},"52":{"start":{"line":101,"column":8},"end":{"line":101,"column":27}},"53":{"start":{"line":104,"column":6},"end":{"line":104,"column":54}},"54":{"start":{"line":105,"column":6},"end":{"line":105,"column":71}},"55":{"start":{"line":110,"column":4},"end":{"line":139,"column":5}},"56":{"start":{"line":111,"column":24},"end":{"line":111,"column":34}},"57":{"start":{"line":112,"column":22},"end":{"line":112,"column":38}},"58":{"start":{"line":114,"column":18},"end":{"line":114,"column":43}},"59":{"start":{"line":116,"column":6},"end":{"line":119,"column":7}},"60":{"start":{"line":117,"column":8},"end":{"line":117,"column":57}},"61":{"start":{"line":118,"column":8},"end":{"line":118,"column":15}},"62":{"start":{"line":121,"column":6},"end":{"line":124,"column":7}},"63":{"start":{"line":122,"column":8},"end":{"line":122,"column":62}},"64":{"start":{"line":123,"column":8},"end":{"line":123,"column":15}},"65":{"start":{"line":126,"column":6},"end":{"line":126,"column":30}},"66":{"start":{"line":127,"column":6},"end":{"line":127,"column":38}},"67":{"start":{"line":128,"column":6},"end":{"line":128,"column":34}},"68":{"start":{"line":130,"column":6},"end":{"line":130,"column":23}},"69":{"start":{"line":132,"column":6},"end":{"line":135,"column":9}},"70":{"start":{"line":137,"column":6},"end":{"line":137,"column":49}},"71":{"start":{"line":138,"column":6},"end":{"line":138,"column":63}},"72":{"start":{"line":143,"column":4},"end":{"line":211,"column":5}},"73":{"start":{"line":144,"column":24},"end":{"line":144,"column":34}},"74":{"start":{"line":145,"column":37},"end":{"line":145,"column":45}},"75":{"start":{"line":146,"column":22},"end":{"line":146,"column":38}},"76":{"start":{"line":148,"column":6},"end":{"line":151,"column":7}},"77":{"start":{"line":149,"column":8},"end":{"line":149,"column":72}},"78":{"start":{"line":150,"column":8},"end":{"line":150,"column":15}},"79":{"start":{"line":153,"column":18},"end":{"line":153,"column":43}},"80":{"start":{"line":155,"column":6},"end":{"line":158,"column":7}},"81":{"start":{"line":156,"column":8},"end":{"line":156,"column":57}},"82":{"start":{"line":157,"column":8},"end":{"line":157,"column":15}},"83":{"start":{"line":160,"column":6},"end":{"line":163,"column":7}},"84":{"start":{"line":161,"column":8},"end":{"line":161,"column":62}},"85":{"start":{"line":162,"column":8},"end":{"line":162,"column":15}},"86":{"start":{"line":166,"column":28},"end":{"line":166,"column":34}},"87":{"start":{"line":167,"column":6},"end":{"line":178,"column":7}},"88":{"start":{"line":168,"column":8},"end":{"line":174,"column":11}},"89":{"start":{"line":176,"column":8},"end":{"line":176,"column":98}},"90":{"start":{"line":177,"column":8},"end":{"line":177,"column":33}},"91":{"start":{"line":181,"column":61},"end":{"line":181,"column":63}},"92":{"start":{"line":182,"column":6},"end":{"line":192,"column":7}},"93":{"start":{"line":183,"column":8},"end":{"line":191,"column":9}},"94":{"start":{"line":184,"column":35},"end":{"line":186,"column":null}},"95":{"start":{"line":188,"column":10},"end":{"line":188,"column":91}},"96":{"start":{"line":190,"column":10},"end":{"line":190,"column":83}},"97":{"start":{"line":194,"column":6},"end":{"line":194,"column":30}},"98":{"start":{"line":195,"column":6},"end":{"line":195,"column":38}},"99":{"start":{"line":196,"column":6},"end":{"line":196,"column":34}},"100":{"start":{"line":197,"column":6},"end":{"line":197,"column":44}},"101":{"start":{"line":198,"column":6},"end":{"line":200,"column":7}},"102":{"start":{"line":199,"column":8},"end":{"line":199,"column":64}},"103":{"start":{"line":202,"column":6},"end":{"line":202,"column":23}},"104":{"start":{"line":204,"column":6},"end":{"line":207,"column":9}},"105":{"start":{"line":209,"column":6},"end":{"line":209,"column":48}},"106":{"start":{"line":210,"column":6},"end":{"line":210,"column":62}},"107":{"start":{"line":215,"column":4},"end":{"line":243,"column":5}},"108":{"start":{"line":216,"column":24},"end":{"line":216,"column":34}},"109":{"start":{"line":218,"column":18},"end":{"line":218,"column":43}},"110":{"start":{"line":220,"column":6},"end":{"line":223,"column":7}},"111":{"start":{"line":221,"column":8},"end":{"line":221,"column":57}},"112":{"start":{"line":222,"column":8},"end":{"line":222,"column":15}},"113":{"start":{"line":225,"column":6},"end":{"line":228,"column":7}},"114":{"start":{"line":226,"column":8},"end":{"line":226,"column":80}},"115":{"start":{"line":227,"column":8},"end":{"line":227,"column":15}},"116":{"start":{"line":230,"column":18},"end":{"line":230,"column":48}},"117":{"start":{"line":232,"column":6},"end":{"line":232,"column":55}},"118":{"start":{"line":233,"column":6},"end":{"line":236,"column":8}},"119":{"start":{"line":238,"column":6},"end":{"line":238,"column":20}},"120":{"start":{"line":239,"column":6},"end":{"line":239,"column":16}},"121":{"start":{"line":241,"column":6},"end":{"line":241,"column":50}},"122":{"start":{"line":242,"column":6},"end":{"line":242,"column":64}},"123":{"start":{"line":247,"column":4},"end":{"line":265,"column":5}},"124":{"start":{"line":248,"column":44},"end":{"line":252,"column":8}},"125":{"start":{"line":254,"column":6},"end":{"line":261,"column":9}},"126":{"start":{"line":263,"column":6},"end":{"line":263,"column":47}},"127":{"start":{"line":264,"column":6},"end":{"line":264,"column":63}},"128":{"start":{"line":9,"column":0},"end":{"line":9,"column":13}},"129":{"start":{"line":269,"column":0},"end":{"line":269,"column":37}}},"fnMap":{"0":{"name":"(anonymous_1)","decl":{"start":{"line":10,"column":2},"end":{"line":10,"column":7}},"loc":{"start":{"line":10,"column":56},"end":{"line":41,"column":3}}},"1":{"name":"(anonymous_2)","decl":{"start":{"line":20,"column":19},"end":{"line":20,"column":24}},"loc":{"start":{"line":20,"column":33},"end":{"line":31,"column":11}}},"2":{"name":"(anonymous_3)","decl":{"start":{"line":43,"column":2},"end":{"line":43,"column":7}},"loc":{"start":{"line":43,"column":57},"end":{"line":74,"column":3}}},"3":{"name":"(anonymous_4)","decl":{"start":{"line":53,"column":19},"end":{"line":53,"column":24}},"loc":{"start":{"line":53,"column":33},"end":{"line":64,"column":11}}},"4":{"name":"(anonymous_5)","decl":{"start":{"line":76,"column":2},"end":{"line":76,"column":7}},"loc":{"start":{"line":76,"column":57},"end":{"line":107,"column":3}}},"5":{"name":"(anonymous_6)","decl":{"start":{"line":86,"column":19},"end":{"line":86,"column":24}},"loc":{"start":{"line":86,"column":33},"end":{"line":97,"column":11}}},"6":{"name":"(anonymous_7)","decl":{"start":{"line":109,"column":2},"end":{"line":109,"column":7}},"loc":{"start":{"line":109,"column":50},"end":{"line":140,"column":3}}},"7":{"name":"(anonymous_8)","decl":{"start":{"line":142,"column":2},"end":{"line":142,"column":7}},"loc":{"start":{"line":142,"column":49},"end":{"line":212,"column":3}}},"8":{"name":"(anonymous_9)","decl":{"start":{"line":214,"column":2},"end":{"line":214,"column":7}},"loc":{"start":{"line":214,"column":54},"end":{"line":244,"column":3}}},"9":{"name":"(anonymous_10)","decl":{"start":{"line":246,"column":2},"end":{"line":246,"column":7}},"loc":{"start":{"line":246,"column":51},"end":{"line":266,"column":3}}}},"branchMap":{"0":{"loc":{"start":{"line":12,"column":32},"end":{"line":12,"column":73}},"type":"binary-expr","locations":[{"start":{"line":12,"column":32},"end":{"line":12,"column":60}},{"start":{"line":12,"column":64},"end":{"line":12,"column":73}}]},"1":{"loc":{"start":{"line":18,"column":6},"end":{"line":36,"column":7}},"type":"if","locations":[{"start":{"line":18,"column":6},"end":{"line":36,"column":7}},{"start":{"line":34,"column":13},"end":{"line":36,"column":7}}]},"2":{"loc":{"start":{"line":18,"column":10},"end":{"line":18,"column":62}},"type":"binary-expr","locations":[{"start":{"line":18,"column":10},"end":{"line":18,"column":27}},{"start":{"line":18,"column":31},"end":{"line":18,"column":62}}]},"3":{"loc":{"start":{"line":22,"column":12},"end":{"line":25,"column":13}},"type":"if","locations":[{"start":{"line":22,"column":12},"end":{"line":25,"column":13}}]},"4":{"loc":{"start":{"line":26,"column":12},"end":{"line":29,"column":13}},"type":"if","locations":[{"start":{"line":26,"column":12},"end":{"line":29,"column":13}}]},"5":{"loc":{"start":{"line":45,"column":32},"end":{"line":45,"column":73}},"type":"binary-expr","locations":[{"start":{"line":45,"column":32},"end":{"line":45,"column":60}},{"start":{"line":45,"column":64},"end":{"line":45,"column":73}}]},"6":{"loc":{"start":{"line":51,"column":6},"end":{"line":69,"column":7}},"type":"if","locations":[{"start":{"line":51,"column":6},"end":{"line":69,"column":7}},{"start":{"line":67,"column":13},"end":{"line":69,"column":7}}]},"7":{"loc":{"start":{"line":51,"column":10},"end":{"line":51,"column":62}},"type":"binary-expr","locations":[{"start":{"line":51,"column":10},"end":{"line":51,"column":27}},{"start":{"line":51,"column":31},"end":{"line":51,"column":62}}]},"8":{"loc":{"start":{"line":55,"column":12},"end":{"line":58,"column":13}},"type":"if","locations":[{"start":{"line":55,"column":12},"end":{"line":58,"column":13}}]},"9":{"loc":{"start":{"line":59,"column":12},"end":{"line":62,"column":13}},"type":"if","locations":[{"start":{"line":59,"column":12},"end":{"line":62,"column":13}}]},"10":{"loc":{"start":{"line":78,"column":32},"end":{"line":78,"column":73}},"type":"binary-expr","locations":[{"start":{"line":78,"column":32},"end":{"line":78,"column":60}},{"start":{"line":78,"column":64},"end":{"line":78,"column":73}}]},"11":{"loc":{"start":{"line":84,"column":6},"end":{"line":102,"column":7}},"type":"if","locations":[{"start":{"line":84,"column":6},"end":{"line":102,"column":7}},{"start":{"line":100,"column":13},"end":{"line":102,"column":7}}]},"12":{"loc":{"start":{"line":84,"column":10},"end":{"line":84,"column":62}},"type":"binary-expr","locations":[{"start":{"line":84,"column":10},"end":{"line":84,"column":27}},{"start":{"line":84,"column":31},"end":{"line":84,"column":62}}]},"13":{"loc":{"start":{"line":88,"column":12},"end":{"line":91,"column":13}},"type":"if","locations":[{"start":{"line":88,"column":12},"end":{"line":91,"column":13}}]},"14":{"loc":{"start":{"line":92,"column":12},"end":{"line":95,"column":13}},"type":"if","locations":[{"start":{"line":92,"column":12},"end":{"line":95,"column":13}}]},"15":{"loc":{"start":{"line":116,"column":6},"end":{"line":119,"column":7}},"type":"if","locations":[{"start":{"line":116,"column":6},"end":{"line":119,"column":7}}]},"16":{"loc":{"start":{"line":121,"column":6},"end":{"line":124,"column":7}},"type":"if","locations":[{"start":{"line":121,"column":6},"end":{"line":124,"column":7}}]},"17":{"loc":{"start":{"line":148,"column":6},"end":{"line":151,"column":7}},"type":"if","locations":[{"start":{"line":148,"column":6},"end":{"line":151,"column":7}}]},"18":{"loc":{"start":{"line":148,"column":10},"end":{"line":148,"column":32}},"type":"binary-expr","locations":[{"start":{"line":148,"column":10},"end":{"line":148,"column":17}},{"start":{"line":148,"column":21},"end":{"line":148,"column":32}}]},"19":{"loc":{"start":{"line":155,"column":6},"end":{"line":158,"column":7}},"type":"if","locations":[{"start":{"line":155,"column":6},"end":{"line":158,"column":7}}]},"20":{"loc":{"start":{"line":160,"column":6},"end":{"line":163,"column":7}},"type":"if","locations":[{"start":{"line":160,"column":6},"end":{"line":163,"column":7}}]},"21":{"loc":{"start":{"line":172,"column":18},"end":{"line":172,"column":39}},"type":"binary-expr","locations":[{"start":{"line":172,"column":18},"end":{"line":172,"column":28}},{"start":{"line":172,"column":32},"end":{"line":172,"column":39}}]},"22":{"loc":{"start":{"line":182,"column":6},"end":{"line":192,"column":7}},"type":"if","locations":[{"start":{"line":182,"column":6},"end":{"line":192,"column":7}}]},"23":{"loc":{"start":{"line":182,"column":10},"end":{"line":182,"column":116}},"type":"binary-expr","locations":[{"start":{"line":182,"column":10},"end":{"line":182,"column":52}},{"start":{"line":182,"column":56},"end":{"line":182,"column":77}},{"start":{"line":182,"column":81},"end":{"line":182,"column":116}}]},"24":{"loc":{"start":{"line":198,"column":6},"end":{"line":200,"column":7}},"type":"if","locations":[{"start":{"line":198,"column":6},"end":{"line":200,"column":7}}]},"25":{"loc":{"start":{"line":220,"column":6},"end":{"line":223,"column":7}},"type":"if","locations":[{"start":{"line":220,"column":6},"end":{"line":223,"column":7}}]},"26":{"loc":{"start":{"line":225,"column":6},"end":{"line":228,"column":7}},"type":"if","locations":[{"start":{"line":225,"column":6},"end":{"line":228,"column":7}}]}},"s":{"0":0,"1":0,"2":0,"3":0,"4":0,"5":0,"6":0,"7":0,"8":0,"9":0,"10":0,"11":0,"12":0,"13":0,"14":0,"15":0,"16":0,"17":0,"18":0,"19":0,"20":0,"21":0,"22":0,"23":0,"24":0,"25":0,"26":0,"27":0,"28":0,"29":0,"30":0,"31":0,"32":0,"33":0,"34":0,"35":0,"36":0,"37":0,"38":0,"39":0,"40":0,"41":0,"42":0,"43":0,"44":0,"45":0,"46":0,"47":0,"48":0,"49":0,"50":0,"51":0,"52":0,"53":0,"54":0,"55":0,"56":0,"57":0,"58":0,"59":0,"60":0,"61":0,"62":0,"63":0,"64":0,"65":0,"66":0,"67":0,"68":0,"69":0,"70":0,"71":0,"72":0,"73":0,"74":0,"75":0,"76":0,"77":0,"78":0,"79":0,"80":0,"81":0,"82":0,"83":0,"84":0,"85":0,"86":0,"87":0,"88":0,"89":0,"90":0,"91":0,"92":0,"93":0,"94":0,"95":0,"96":0,"97":0,"98":0,"99":0,"100":0,"101":0,"102":0,"103":0,"104":0,"105":0,"106":0,"107":0,"108":0,"109":0,"110":0,"111":0,"112":0,"113":0,"114":0,"115":0,"116":0,"117":0,"118":0,"119":0,"120":0,"121":0,"122":0,"123":0,"124":0,"125":0,"126":0,"127":0,"128":0,"129":0},"f":{"0":0,"1":0,"2":0,"3":0,"4":0,"5":0,"6":0,"7":0,"8":0,"9":0},"b":{"0":[0,0],"1":[0,0],"2":[0,0],"3":[0],"4":[0],"5":[0,0],"6":[0,0],"7":[0,0],"8":[0],"9":[0],"10":[0,0],"11":[0,0],"12":[0,0],"13":[0],"14":[0],"15":[0],"16":[0],"17":[0],"18":[0,0],"19":[0],"20":[0],"21":[0,0],"22":[0],"23":[0,0,0],"24":[0],"25":[0],"26":[0]}}
,"D:\\My actions\\Current skills\\Web Projects\\kyc-system\\backend\\src\\controllers\\authController.ts": {"path":"D:\\My actions\\Current skills\\Web Projects\\kyc-system\\backend\\src\\controllers\\authController.ts","statementMap":{"0":{"start":{"line":2,"column":0},"end":{"line":2,"column":34}},"1":{"start":{"line":4,"column":0},"end":{"line":4,"column":46}},"2":{"start":{"line":8,"column":4},"end":{"line":57,"column":5}},"3":{"start":{"line":9,"column":57},"end":{"line":9,"column":65}},"4":{"start":{"line":12,"column":6},"end":{"line":15,"column":7}},"5":{"start":{"line":13,"column":8},"end":{"line":13,"column":67}},"6":{"start":{"line":14,"column":8},"end":{"line":14,"column":15}},"7":{"start":{"line":18,"column":27},"end":{"line":18,"column":56}},"8":{"start":{"line":19,"column":6},"end":{"line":22,"column":7}},"9":{"start":{"line":20,"column":8},"end":{"line":20,"column":68}},"10":{"start":{"line":21,"column":8},"end":{"line":21,"column":15}},"11":{"start":{"line":25,"column":19},"end":{"line":31,"column":8}},"12":{"start":{"line":33,"column":6},"end":{"line":33,"column":24}},"13":{"start":{"line":36,"column":22},"end":{"line":36,"column":49}},"14":{"start":{"line":37,"column":20},"end":{"line":41,"column":8}},"15":{"start":{"line":43,"column":6},"end":{"line":53,"column":9}},"16":{"start":{"line":55,"column":6},"end":{"line":55,"column":50}},"17":{"start":{"line":56,"column":6},"end":{"line":56,"column":61}},"18":{"start":{"line":61,"column":4},"end":{"line":106,"column":5}},"19":{"start":{"line":62,"column":34},"end":{"line":62,"column":42}},"20":{"start":{"line":65,"column":6},"end":{"line":68,"column":7}},"21":{"start":{"line":66,"column":8},"end":{"line":66,"column":75}},"22":{"start":{"line":67,"column":8},"end":{"line":67,"column":15}},"23":{"start":{"line":71,"column":19},"end":{"line":71,"column":48}},"24":{"start":{"line":72,"column":6},"end":{"line":75,"column":7}},"25":{"start":{"line":73,"column":8},"end":{"line":73,"column":63}},"26":{"start":{"line":74,"column":8},"end":{"line":74,"column":15}},"27":{"start":{"line":78,"column":30},"end":{"line":78,"column":66}},"28":{"start":{"line":79,"column":6},"end":{"line":82,"column":7}},"29":{"start":{"line":80,"column":8},"end":{"line":80,"column":63}},"30":{"start":{"line":81,"column":8},"end":{"line":81,"column":15}},"31":{"start":{"line":85,"column":22},"end":{"line":85,"column":49}},"32":{"start":{"line":86,"column":20},"end":{"line":90,"column":8}},"33":{"start":{"line":92,"column":6},"end":{"line":102,"column":9}},"34":{"start":{"line":104,"column":6},"end":{"line":104,"column":43}},"35":{"start":{"line":105,"column":6},"end":{"line":105,"column":54}},"36":{"start":{"line":110,"column":4},"end":{"line":123,"column":5}},"37":{"start":{"line":112,"column":19},"end":{"line":112,"column":76}},"38":{"start":{"line":114,"column":6},"end":{"line":117,"column":7}},"39":{"start":{"line":115,"column":8},"end":{"line":115,"column":58}},"40":{"start":{"line":116,"column":8},"end":{"line":116,"column":15}},"41":{"start":{"line":119,"column":6},"end":{"line":119,"column":25}},"42":{"start":{"line":121,"column":6},"end":{"line":121,"column":54}},"43":{"start":{"line":122,"column":6},"end":{"line":122,"column":62}},"44":{"start":{"line":6,"column":0},"end":{"line":6,"column":13}},"45":{"start":{"line":127,"column":0},"end":{"line":127,"column":36}}},"fnMap":{"0":{"name":"(anonymous_1)","decl":{"start":{"line":7,"column":2},"end":{"line":7,"column":7}},"loc":{"start":{"line":7,"column":44},"end":{"line":58,"column":3}}},"1":{"name":"(anonymous_2)","decl":{"start":{"line":60,"column":2},"end":{"line":60,"column":7}},"loc":{"start":{"line":60,"column":41},"end":{"line":107,"column":3}}},"2":{"name":"(anonymous_3)","decl":{"start":{"line":109,"column":2},"end":{"line":109,"column":7}},"loc":{"start":{"line":109,"column":54},"end":{"line":124,"column":3}}}},"branchMap":{"0":{"loc":{"start":{"line":12,"column":6},"end":{"line":15,"column":7}},"type":"if","locations":[{"start":{"line":12,"column":6},"end":{"line":15,"column":7}}]},"1":{"loc":{"start":{"line":12,"column":10},"end":{"line":12,"column":58}},"type":"binary-expr","locations":[{"start":{"line":12,"column":10},"end":{"line":12,"column":16}},{"start":{"line":12,"column":20},"end":{"line":12,"column":29}},{"start":{"line":12,"column":33},"end":{"line":12,"column":42}},{"start":{"line":12,"column":46},"end":{"line":12,"column":58}}]},"2":{"loc":{"start":{"line":19,"column":6},"end":{"line":22,"column":7}},"type":"if","locations":[{"start":{"line":19,"column":6},"end":{"line":22,"column":7}}]},"3":{"loc":{"start":{"line":65,"column":6},"end":{"line":68,"column":7}},"type":"if","locations":[{"start":{"line":65,"column":6},"end":{"line":68,"column":7}}]},"4":{"loc":{"start":{"line":65,"column":10},"end":{"line":65,"column":29}},"type":"binary-expr","locations":[{"start":{"line":65,"column":10},"end":{"line":65,"column":16}},{"start":{"line":65,"column":20},"end":{"line":65,"column":29}}]},"5":{"loc":{"start":{"line":72,"column":6},"end":{"line":75,"column":7}},"type":"if","locations":[{"start":{"line":72,"column":6},"end":{"line":75,"column":7}}]},"6":{"loc":{"start":{"line":79,"column":6},"end":{"line":82,"column":7}},"type":"if","locations":[{"start":{"line":79,"column":6},"end":{"line":82,"column":7}}]},"7":{"loc":{"start":{"line":114,"column":6},"end":{"line":117,"column":7}},"type":"if","locations":[{"start":{"line":114,"column":6},"end":{"line":117,"column":7}}]}},"s":{"0":0,"1":0,"2":0,"3":0,"4":0,"5":0,"6":0,"7":0,"8":0,"9":0,"10":0,"11":0,"12":0,"13":0,"14":0,"15":0,"16":0,"17":0,"18":0,"19":0,"20":0,"21":0,"22":0,"23":0,"24":0,"25":0,"26":0,"27":0,"28":0,"29":0,"30":0,"31":0,"32":0,"33":0,"34":0,"35":0,"36":0,"37":0,"38":0,"39":0,"40":0,"41":0,"42":0,"43":0,"44":0,"45":0},"f":{"0":0,"1":0,"2":0},"b":{"0":[0],"1":[0,0,0,0],"2":[0],"3":[0],"4":[0,0],"5":[0],"6":[0],"7":[0]}}
,"D:\\My actions\\Current skills\\Web Projects\\kyc-system\\backend\\src\\controllers\\kycController.ts": {"path":"D:\\My actions\\Current skills\\Web Projects\\kyc-system\\backend\\src\\controllers\\kycController.ts","statementMap":{"0":{"start":{"line":2,"column":0},"end":{"line":2,"column":32}},"1":{"start":{"line":3,"column":0},"end":{"line":3,"column":52}},"2":{"start":{"line":4,"column":0},"end":{"line":4,"column":72}},"3":{"start":{"line":9,"column":4},"end":{"line":64,"column":5}},"4":{"start":{"line":10,"column":21},"end":{"line":10,"column":37}},"5":{"start":{"line":12,"column":6},"end":{"line":15,"column":7}},"6":{"start":{"line":13,"column":8},"end":{"line":13,"column":56}},"7":{"start":{"line":14,"column":8},"end":{"line":14,"column":15}},"8":{"start":{"line":18,"column":26},"end":{"line":21,"column":8}},"9":{"start":{"line":23,"column":6},"end":{"line":28,"column":7}},"10":{"start":{"line":24,"column":8},"end":{"line":26,"column":11}},"11":{"start":{"line":27,"column":8},"end":{"line":27,"column":15}},"12":{"start":{"line":30,"column":22},"end":{"line":30,"column":30}},"13":{"start":{"line":31,"column":32},"end":{"line":31,"column":71}},"14":{"start":{"line":34,"column":29},"end":{"line":37,"column":8}},"15":{"start":{"line":39,"column":6},"end":{"line":44,"column":7}},"16":{"start":{"line":40,"column":8},"end":{"line":43,"column":9}},"17":{"start":{"line":41,"column":10},"end":{"line":41,"column":66}},"18":{"start":{"line":42,"column":10},"end":{"line":42,"column":17}},"19":{"start":{"line":47,"column":6},"end":{"line":47,"column":52}},"20":{"start":{"line":50,"column":21},"end":{"line":50,"column":67}},"21":{"start":{"line":52,"column":6},"end":{"line":55,"column":7}},"22":{"start":{"line":53,"column":8},"end":{"line":53,"column":74}},"23":{"start":{"line":54,"column":8},"end":{"line":54,"column":15}},"24":{"start":{"line":57,"column":6},"end":{"line":60,"column":9}},"25":{"start":{"line":62,"column":6},"end":{"line":62,"column":52}},"26":{"start":{"line":63,"column":6},"end":{"line":63,"column":62}},"27":{"start":{"line":68,"column":4},"end":{"line":111,"column":5}},"28":{"start":{"line":69,"column":21},"end":{"line":69,"column":37}},"29":{"start":{"line":70,"column":32},"end":{"line":70,"column":73}},"30":{"start":{"line":72,"column":6},"end":{"line":75,"column":7}},"31":{"start":{"line":73,"column":8},"end":{"line":73,"column":56}},"32":{"start":{"line":74,"column":8},"end":{"line":74,"column":15}},"33":{"start":{"line":77,"column":18},"end":{"line":77,"column":71}},"34":{"start":{"line":79,"column":6},"end":{"line":82,"column":7}},"35":{"start":{"line":80,"column":8},"end":{"line":80,"column":67}},"36":{"start":{"line":81,"column":8},"end":{"line":81,"column":15}},"37":{"start":{"line":85,"column":6},"end":{"line":107,"column":7}},"38":{"start":{"line":86,"column":8},"end":{"line":104,"column":9}},"39":{"start":{"line":87,"column":29},"end":{"line":90,"column":null}},"40":{"start":{"line":94,"column":30},"end":{"line":94,"column":44}},"41":{"start":{"line":95,"column":10},"end":{"line":95,"column":51}},"42":{"start":{"line":96,"column":10},"end":{"line":98,"column":11}},"43":{"start":{"line":97,"column":12},"end":{"line":97,"column":69}},"44":{"start":{"line":100,"column":10},"end":{"line":100,"column":41}},"45":{"start":{"line":102,"column":10},"end":{"line":102,"column":83}},"46":{"start":{"line":103,"column":10},"end":{"line":103,"column":28}},"47":{"start":{"line":106,"column":8},"end":{"line":106,"column":26}},"48":{"start":{"line":109,"column":6},"end":{"line":109,"column":45}},"49":{"start":{"line":110,"column":6},"end":{"line":110,"column":61}},"50":{"start":{"line":115,"column":4},"end":{"line":153,"column":5}},"51":{"start":{"line":116,"column":21},"end":{"line":116,"column":37}},"52":{"start":{"line":117,"column":32},"end":{"line":117,"column":73}},"53":{"start":{"line":119,"column":6},"end":{"line":122,"column":7}},"54":{"start":{"line":120,"column":8},"end":{"line":120,"column":56}},"55":{"start":{"line":121,"column":8},"end":{"line":121,"column":15}},"56":{"start":{"line":124,"column":18},"end":{"line":124,"column":71}},"57":{"start":{"line":126,"column":6},"end":{"line":129,"column":7}},"58":{"start":{"line":127,"column":8},"end":{"line":127,"column":46}},"59":{"start":{"line":128,"column":8},"end":{"line":128,"column":15}},"60":{"start":{"line":132,"column":28},"end":{"line":132,"column":47}},"61":{"start":{"line":133,"column":6},"end":{"line":142,"column":7}},"62":{"start":{"line":134,"column":8},"end":{"line":141,"column":9}},"63":{"start":{"line":135,"column":10},"end":{"line":138,"column":12}},"64":{"start":{"line":140,"column":10},"end":{"line":140,"column":83}},"65":{"start":{"line":144,"column":6},"end":{"line":149,"column":9}},"66":{"start":{"line":151,"column":6},"end":{"line":151,"column":52}},"67":{"start":{"line":152,"column":6},"end":{"line":152,"column":68}},"68":{"start":{"line":7,"column":0},"end":{"line":7,"column":13}},"69":{"start":{"line":157,"column":0},"end":{"line":157,"column":35}}},"fnMap":{"0":{"name":"(anonymous_1)","decl":{"start":{"line":8,"column":2},"end":{"line":8,"column":7}},"loc":{"start":{"line":8,"column":49},"end":{"line":65,"column":3}}},"1":{"name":"(anonymous_2)","decl":{"start":{"line":67,"column":2},"end":{"line":67,"column":7}},"loc":{"start":{"line":67,"column":48},"end":{"line":112,"column":3}}},"2":{"name":"(anonymous_3)","decl":{"start":{"line":114,"column":2},"end":{"line":114,"column":7}},"loc":{"start":{"line":114,"column":52},"end":{"line":154,"column":3}}}},"branchMap":{"0":{"loc":{"start":{"line":12,"column":6},"end":{"line":15,"column":7}},"type":"if","locations":[{"start":{"line":12,"column":6},"end":{"line":15,"column":7}}]},"1":{"loc":{"start":{"line":23,"column":6},"end":{"line":28,"column":7}},"type":"if","locations":[{"start":{"line":23,"column":6},"end":{"line":28,"column":7}}]},"2":{"loc":{"start":{"line":31,"column":32},"end":{"line":31,"column":71}},"type":"binary-expr","locations":[{"start":{"line":31,"column":32},"end":{"line":31,"column":58}},{"start":{"line":31,"column":62},"end":{"line":31,"column":71}}]},"3":{"loc":{"start":{"line":40,"column":8},"end":{"line":43,"column":9}},"type":"if","locations":[{"start":{"line":40,"column":8},"end":{"line":43,"column":9}}]},"4":{"loc":{"start":{"line":52,"column":6},"end":{"line":55,"column":7}},"type":"if","locations":[{"start":{"line":52,"column":6},"end":{"line":55,"column":7}}]},"5":{"loc":{"start":{"line":70,"column":32},"end":{"line":70,"column":73}},"type":"binary-expr","locations":[{"start":{"line":70,"column":32},"end":{"line":70,"column":60}},{"start":{"line":70,"column":64},"end":{"line":70,"column":73}}]},"6":{"loc":{"start":{"line":72,"column":6},"end":{"line":75,"column":7}},"type":"if","locations":[{"start":{"line":72,"column":6},"end":{"line":75,"column":7}}]},"7":{"loc":{"start":{"line":79,"column":6},"end":{"line":82,"column":7}},"type":"if","locations":[{"start":{"line":79,"column":6},"end":{"line":82,"column":7}}]},"8":{"loc":{"start":{"line":85,"column":6},"end":{"line":107,"column":7}},"type":"if","locations":[{"start":{"line":85,"column":6},"end":{"line":107,"column":7}},{"start":{"line":105,"column":13},"end":{"line":107,"column":7}}]},"9":{"loc":{"start":{"line":85,"column":10},"end":{"line":85,"column":62}},"type":"binary-expr","locations":[{"start":{"line":85,"column":10},"end":{"line":85,"column":27}},{"start":{"line":85,"column":31},"end":{"line":85,"column":62}}]},"10":{"loc":{"start":{"line":89,"column":12},"end":{"line":89,"column":39}},"type":"binary-expr","locations":[{"start":{"line":89,"column":12},"end":{"line":89,"column":31}},{"start":{"line":89,"column":35},"end":{"line":89,"column":39}}]},"11":{"loc":{"start":{"line":96,"column":10},"end":{"line":98,"column":11}},"type":"if","locations":[{"start":{"line":96,"column":10},"end":{"line":98,"column":11}}]},"12":{"loc":{"start":{"line":117,"column":32},"end":{"line":117,"column":73}},"type":"binary-expr","locations":[{"start":{"line":117,"column":32},"end":{"line":117,"column":60}},{"start":{"line":117,"column":64},"end":{"line":117,"column":73}}]},"13":{"loc":{"start":{"line":119,"column":6},"end":{"line":122,"column":7}},"type":"if","locations":[{"start":{"line":119,"column":6},"end":{"line":122,"column":7}}]},"14":{"loc":{"start":{"line":126,"column":6},"end":{"line":129,"column":7}},"type":"if","locations":[{"start":{"line":126,"column":6},"end":{"line":129,"column":7}}]},"15":{"loc":{"start":{"line":133,"column":6},"end":{"line":142,"column":7}},"type":"if","locations":[{"start":{"line":133,"column":6},"end":{"line":142,"column":7}}]},"16":{"loc":{"start":{"line":133,"column":10},"end":{"line":133,"column":85}},"type":"binary-expr","locations":[{"start":{"line":133,"column":10},"end":{"line":133,"column":27}},{"start":{"line":133,"column":31},"end":{"line":133,"column":62}},{"start":{"line":133,"column":66},"end":{"line":133,"column":85}}]}},"s":{"0":0,"1":0,"2":0,"3":0,"4":0,"5":0,"6":0,"7":0,"8":0,"9":0,"10":0,"11":0,"12":0,"13":0,"14":0,"15":0,"16":0,"17":0,"18":0,"19":0,"20":0,"21":0,"22":0,"23":0,"24":0,"25":0,"26":0,"27":0,"28":0,"29":0,"30":0,"31":0,"32":0,"33":0,"34":0,"35":0,"36":0,"37":0,"38":0,"39":0,"40":0,"41":0,"42":0,"43":0,"44":0,"45":0,"46":0,"47":0,"48":0,"49":0,"50":0,"51":0,"52":0,"53":0,"54":0,"55":0,"56":0,"57":0,"58":0,"59":0,"60":0,"61":0,"62":0,"63":0,"64":0,"65":0,"66":0,"67":0,"68":0,"69":0},"f":{"0":0,"1":0,"2":0},"b":{"0":[0],"1":[0],"2":[0,0],"3":[0],"4":[0],"5":[0,0],"6":[0],"7":[0],"8":[0,0],"9":[0,0],"10":[0,0],"11":[0],"12":[0,0],"13":[0],"14":[0],"15":[0],"16":[0,0,0]}}
,"D:\\My actions\\Current skills\\Web Projects\\kyc-system\\backend\\src\\middleware\\adminAuth.ts": {"path":"D:\\My actions\\Current skills\\Web Projects\\kyc-system\\backend\\src\\middleware\\adminAuth.ts","statementMap":{"0":{"start":{"line":4,"column":28},"end":{"line":11,"column":1}},"1":{"start":{"line":5,"column":2},"end":{"line":8,"column":3}},"2":{"start":{"line":6,"column":4},"end":{"line":6,"column":81}},"3":{"start":{"line":7,"column":4},"end":{"line":7,"column":11}},"4":{"start":{"line":10,"column":2},"end":{"line":10,"column":9}},"5":{"start":{"line":4,"column":13},"end":{"line":4,"column":28}}},"fnMap":{"0":{"name":"(anonymous_0)","decl":{"start":{"line":4,"column":28},"end":{"line":4,"column":29}},"loc":{"start":{"line":4,"column":90},"end":{"line":11,"column":1}}}},"branchMap":{"0":{"loc":{"start":{"line":5,"column":2},"end":{"line":8,"column":3}},"type":"if","locations":[{"start":{"line":5,"column":2},"end":{"line":8,"column":3}}]}},"s":{"0":0,"1":0,"2":0,"3":0,"4":0,"5":0},"f":{"0":0},"b":{"0":[0]}}
,"D:\\My actions\\Current skills\\Web Projects\\kyc-system\\backend\\src\\middleware\\auth.ts": {"path":"D:\\My actions\\Current skills\\Web Projects\\kyc-system\\backend\\src\\middleware\\auth.ts","statementMap":{"0":{"start":{"line":2,"column":0},"end":{"line":2,"column":44}},"1":{"start":{"line":5,"column":28},"end":{"line":21,"column":1}},"2":{"start":{"line":6,"column":2},"end":{"line":20,"column":3}},"3":{"start":{"line":7,"column":18},"end":{"line":7,"column":58}},"4":{"start":{"line":9,"column":4},"end":{"line":12,"column":5}},"5":{"start":{"line":10,"column":6},"end":{"line":10,"column":59}},"6":{"start":{"line":11,"column":6},"end":{"line":11,"column":13}},"7":{"start":{"line":14,"column":20},"end":{"line":14,"column":38}},"8":{"start":{"line":15,"column":4},"end":{"line":15,"column":23}},"9":{"start":{"line":17,"column":4},"end":{"line":17,"column":11}},"10":{"start":{"line":19,"column":4},"end":{"line":19,"column":64}},"11":{"start":{"line":5,"column":13},"end":{"line":5,"column":28}}},"fnMap":{"0":{"name":"(anonymous_0)","decl":{"start":{"line":5,"column":28},"end":{"line":5,"column":29}},"loc":{"start":{"line":5,"column":90},"end":{"line":21,"column":1}}}},"branchMap":{"0":{"loc":{"start":{"line":9,"column":4},"end":{"line":12,"column":5}},"type":"if","locations":[{"start":{"line":9,"column":4},"end":{"line":12,"column":5}}]}},"s":{"0":0,"1":0,"2":0,"3":0,"4":0,"5":0,"6":0,"7":0,"8":0,"9":0,"10":0,"11":0},"f":{"0":0},"b":{"0":[0]}}
,"D:\\My actions\\Current skills\\Web Projects\\kyc-system\\backend\\src\\models\\KYC.ts": {"path":"D:\\My actions\\Current skills\\Web Projects\\kyc-system\\backend\\src\\models\\KYC.ts","statementMap":{"0":{"start":{"line":1,"column":0},"end":{"line":1,"column":54}},"1":{"start":{"line":30,"column":18},"end":{"line":117,"column":2}},"2":{"start":{"line":120,"column":0},"end":{"line":120,"column":31}},"3":{"start":{"line":121,"column":0},"end":{"line":121,"column":31}},"4":{"start":{"line":123,"column":0},"end":{"line":123,"column":62}}},"fnMap":{},"branchMap":{},"s":{"0":0,"1":0,"2":0,"3":0,"4":0},"f":{},"b":{}}
,"D:\\My actions\\Current skills\\Web Projects\\kyc-system\\backend\\src\\models\\User.ts": {"path":"D:\\My actions\\Current skills\\Web Projects\\kyc-system\\backend\\src\\models\\User.ts","statementMap":{"0":{"start":{"line":1,"column":0},"end":{"line":1,"column":54}},"1":{"start":{"line":2,"column":0},"end":{"line":2,"column":30}},"2":{"start":{"line":14,"column":19},"end":{"line":44,"column":2}},"3":{"start":{"line":47,"column":0},"end":{"line":59,"column":3}},"4":{"start":{"line":48,"column":2},"end":{"line":50,"column":3}},"5":{"start":{"line":49,"column":4},"end":{"line":49,"column":18}},"6":{"start":{"line":52,"column":2},"end":{"line":58,"column":3}},"7":{"start":{"line":53,"column":17},"end":{"line":53,"column":41}},"8":{"start":{"line":54,"column":4},"end":{"line":54,"column":59}},"9":{"start":{"line":55,"column":4},"end":{"line":55,"column":11}},"10":{"start":{"line":57,"column":4},"end":{"line":57,"column":16}},"11":{"start":{"line":62,"column":0},"end":{"line":64,"column":2}},"12":{"start":{"line":63,"column":2},"end":{"line":63,"column":58}},"13":{"start":{"line":66,"column":0},"end":{"line":66,"column":65}}},"fnMap":{"0":{"name":"(anonymous_10)","decl":{"start":{"line":47,"column":23},"end":{"line":47,"column":28}},"loc":{"start":{"line":47,"column":42},"end":{"line":59,"column":1}}},"1":{"name":"(anonymous_11)","decl":{"start":{"line":62,"column":37},"end":{"line":62,"column":42}},"loc":{"start":{"line":62,"column":77},"end":{"line":64,"column":1}}}},"branchMap":{"0":{"loc":{"start":{"line":48,"column":2},"end":{"line":50,"column":3}},"type":"if","locations":[{"start":{"line":48,"column":2},"end":{"line":50,"column":3}}]}},"s":{"0":0,"1":0,"2":0,"3":0,"4":0,"5":0,"6":0,"7":0,"8":0,"9":0,"10":0,"11":0,"12":0,"13":0},"f":{"0":0,"1":0},"b":{"0":[0]}}
,"D:\\My actions\\Current skills\\Web Projects\\kyc-system\\backend\\src\\routes\\adminRoutes.ts": {"path":"D:\\My actions\\Current skills\\Web Projects\\kyc-system\\backend\\src\\routes\\adminRoutes.ts","statementMap":{"0":{"start":{"line":1,"column":0},"end":{"line":1,"column":30}},"1":{"start":{"line":2,"column":0},"end":{"line":2,"column":61}},"2":{"start":{"line":3,"column":0},"end":{"line":3,"column":50}},"3":{"start":{"line":4,"column":0},"end":{"line":4,"column":55}},"4":{"start":{"line":6,"column":15},"end":{"line":6,"column":31}},"5":{"start":{"line":9,"column":0},"end":{"line":9,"column":25}},"6":{"start":{"line":10,"column":0},"end":{"line":10,"column":25}},"7":{"start":{"line":12,"column":0},"end":{"line":12,"column":83}},"8":{"start":{"line":13,"column":0},"end":{"line":13,"column":85}},"9":{"start":{"line":14,"column":0},"end":{"line":14,"column":85}},"10":{"start":{"line":15,"column":0},"end":{"line":15,"column":76}},"11":{"start":{"line":16,"column":0},"end":{"line":16,"column":84}},"12":{"start":{"line":17,"column":0},"end":{"line":17,"column":82}},"13":{"start":{"line":18,"column":0},"end":{"line":18,"column":89}},"14":{"start":{"line":20,"column":0},"end":{"line":20,"column":22}}},"fnMap":{},"branchMap":{},"s":{"0":0,"1":0,"2":0,"3":0,"4":0,"5":0,"6":0,"7":0,"8":0,"9":0,"10":0,"11":0,"12":0,"13":0,"14":0},"f":{},"b":{}}
,"D:\\My actions\\Current skills\\Web Projects\\kyc-system\\backend\\src\\routes\\authRoutes.ts": {"path":"D:\\My actions\\Current skills\\Web Projects\\kyc-system\\backend\\src\\routes\\authRoutes.ts","statementMap":{"0":{"start":{"line":1,"column":0},"end":{"line":1,"column":30}},"1":{"start":{"line":2,"column":0},"end":{"line":2,"column":59}},"2":{"start":{"line":3,"column":0},"end":{"line":3,"column":50}},"3":{"start":{"line":5,"column":15},"end":{"line":5,"column":31}},"4":{"start":{"line":8,"column":0},"end":{"line":8,"column":71}},"5":{"start":{"line":9,"column":0},"end":{"line":9,"column":65}},"6":{"start":{"line":12,"column":0},"end":{"line":12,"column":84}},"7":{"start":{"line":14,"column":0},"end":{"line":14,"column":22}}},"fnMap":{},"branchMap":{},"s":{"0":0,"1":0,"2":0,"3":0,"4":0,"5":0,"6":0,"7":0},"f":{},"b":{}}
,"D:\\My actions\\Current skills\\Web Projects\\kyc-system\\backend\\src\\routes\\kycRoutes.ts": {"path":"D:\\My actions\\Current skills\\Web Projects\\kyc-system\\backend\\src\\routes\\kycRoutes.ts","statementMap":{"0":{"start":{"line":1,"column":0},"end":{"line":1,"column":30}},"1":{"start":{"line":2,"column":0},"end":{"line":2,"column":57}},"2":{"start":{"line":3,"column":0},"end":{"line":3,"column":50}},"3":{"start":{"line":5,"column":15},"end":{"line":5,"column":31}},"4":{"start":{"line":8,"column":0},"end":{"line":8,"column":25}},"5":{"start":{"line":10,"column":0},"end":{"line":10,"column":68}},"6":{"start":{"line":11,"column":0},"end":{"line":11,"column":66}},"7":{"start":{"line":12,"column":0},"end":{"line":12,"column":70}},"8":{"start":{"line":14,"column":0},"end":{"line":14,"column":22}}},"fnMap":{},"branchMap":{},"s":{"0":0,"1":0,"2":0,"3":0,"4":0,"5":0,"6":0,"7":0,"8":0},"f":{},"b":{}}
,"D:\\My actions\\Current skills\\Web Projects\\kyc-system\\backend\\src\\services\\llmService.ts": {"path":"D:\\My actions\\Current skills\\Web Projects\\kyc-system\\backend\\src\\services\\llmService.ts","statementMap":{"0":{"start":{"line":1,"column":0},"end":{"line":1,"column":42}},"1":{"start":{"line":3,"column":15},"end":{"line":5,"column":2}},"2":{"start":{"line":22,"column":4},"end":{"line":50,"column":5}},"3":{"start":{"line":23,"column":21},"end":{"line":32,"column":99}},"4":{"start":{"line":34,"column":23},"end":{"line":43,"column":8}},"5":{"start":{"line":45,"column":22},"end":{"line":45,"column":89}},"6":{"start":{"line":46,"column":6},"end":{"line":46,"column":28}},"7":{"start":{"line":48,"column":6},"end":{"line":48,"column":68}},"8":{"start":{"line":49,"column":6},"end":{"line":49,"column":62}},"9":{"start":{"line":62,"column":4},"end":{"line":92,"column":5}},"10":{"start":{"line":63,"column":21},"end":{"line":74,"column":51}},"11":{"start":{"line":76,"column":23},"end":{"line":85,"column":8}},"12":{"start":{"line":87,"column":21},"end":{"line":87,"column":88}},"13":{"start":{"line":88,"column":6},"end":{"line":88,"column":27}},"14":{"start":{"line":90,"column":6},"end":{"line":90,"column":65}},"15":{"start":{"line":91,"column":6},"end":{"line":91,"column":71}},"16":{"start":{"line":103,"column":4},"end":{"line":127,"column":5}},"17":{"start":{"line":104,"column":21},"end":{"line":109,"column":10}},"18":{"start":{"line":111,"column":23},"end":{"line":120,"column":8}},"19":{"start":{"line":122,"column":29},"end":{"line":122,"column":96}},"20":{"start":{"line":123,"column":6},"end":{"line":123,"column":35}},"21":{"start":{"line":125,"column":6},"end":{"line":125,"column":54}},"22":{"start":{"line":126,"column":6},"end":{"line":126,"column":71}},"23":{"start":{"line":137,"column":4},"end":{"line":149,"column":5}},"24":{"start":{"line":138,"column":51},"end":{"line":138,"column":53}},"25":{"start":{"line":140,"column":6},"end":{"line":143,"column":7}},"26":{"start":{"line":141,"column":27},"end":{"line":141,"column":81}},"27":{"start":{"line":142,"column":8},"end":{"line":142,"column":58}},"28":{"start":{"line":145,"column":6},"end":{"line":145,"column":26}},"29":{"start":{"line":147,"column":6},"end":{"line":147,"column":79}},"30":{"start":{"line":148,"column":6},"end":{"line":148,"column":53}},"31":{"start":{"line":156,"column":4},"end":{"line":177,"column":5}},"32":{"start":{"line":157,"column":21},"end":{"line":159,"column":16}},"33":{"start":{"line":161,"column":23},"end":{"line":170,"column":8}},"34":{"start":{"line":172,"column":23},"end":{"line":172,"column":97}},"35":{"start":{"line":173,"column":6},"end":{"line":173,"column":29}},"36":{"start":{"line":175,"column":6},"end":{"line":175,"column":56}},"37":{"start":{"line":176,"column":6},"end":{"line":176,"column":51}},"38":{"start":{"line":191,"column":4},"end":{"line":226,"column":5}},"39":{"start":{"line":192,"column":21},"end":{"line":203,"column":3}},"40":{"start":{"line":205,"column":23},"end":{"line":214,"column":8}},"41":{"start":{"line":216,"column":27},"end":{"line":216,"column":96}},"42":{"start":{"line":217,"column":25},"end":{"line":217,"column":49}},"43":{"start":{"line":219,"column":6},"end":{"line":222,"column":8}},"44":{"start":{"line":224,"column":6},"end":{"line":224,"column":64}},"45":{"start":{"line":225,"column":6},"end":{"line":225,"column":60}},"46":{"start":{"line":7,"column":0},"end":{"line":7,"column":13}},"47":{"start":{"line":230,"column":13},"end":{"line":230,"column":43}}},"fnMap":{"0":{"name":"(anonymous_1)","decl":{"start":{"line":11,"column":2},"end":{"line":11,"column":7}},"loc":{"start":{"line":21,"column":3},"end":{"line":51,"column":3}}},"1":{"name":"(anonymous_2)","decl":{"start":{"line":56,"column":2},"end":{"line":56,"column":7}},"loc":{"start":{"line":61,"column":3},"end":{"line":93,"column":3}}},"2":{"name":"(anonymous_3)","decl":{"start":{"line":98,"column":2},"end":{"line":98,"column":7}},"loc":{"start":{"line":101,"column":38},"end":{"line":128,"column":3}}},"3":{"name":"(anonymous_4)","decl":{"start":{"line":133,"column":2},"end":{"line":133,"column":7}},"loc":{"start":{"line":135,"column":23},"end":{"line":150,"column":3}}},"4":{"name":"(anonymous_5)","decl":{"start":{"line":155,"column":2},"end":{"line":155,"column":7}},"loc":{"start":{"line":155,"column":35},"end":{"line":178,"column":3}}},"5":{"name":"(anonymous_6)","decl":{"start":{"line":183,"column":2},"end":{"line":183,"column":7}},"loc":{"start":{"line":190,"column":3},"end":{"line":227,"column":3}}}},"branchMap":{"0":{"loc":{"start":{"line":30,"column":26},"end":{"line":30,"column":67}},"type":"binary-expr","locations":[{"start":{"line":30,"column":26},"end":{"line":30,"column":48}},{"start":{"line":30,"column":52},"end":{"line":30,"column":67}}]},"1":{"loc":{"start":{"line":45,"column":22},"end":{"line":45,"column":89}},"type":"cond-expr","locations":[{"start":{"line":45,"column":60},"end":{"line":45,"column":84}},{"start":{"line":45,"column":87},"end":{"line":45,"column":89}}]},"2":{"loc":{"start":{"line":68,"column":20},"end":{"line":68,"column":64}},"type":"binary-expr","locations":[{"start":{"line":68,"column":20},"end":{"line":68,"column":34}},{"start":{"line":68,"column":38},"end":{"line":68,"column":64}}]},"3":{"loc":{"start":{"line":87,"column":21},"end":{"line":87,"column":88}},"type":"cond-expr","locations":[{"start":{"line":87,"column":59},"end":{"line":87,"column":83}},{"start":{"line":87,"column":86},"end":{"line":87,"column":88}}]},"4":{"loc":{"start":{"line":101,"column":4},"end":{"line":101,"column":38}},"type":"default-arg","locations":[{"start":{"line":101,"column":29},"end":{"line":101,"column":38}}]},"5":{"loc":{"start":{"line":122,"column":29},"end":{"line":122,"column":96}},"type":"cond-expr","locations":[{"start":{"line":122,"column":67},"end":{"line":122,"column":91}},{"start":{"line":122,"column":94},"end":{"line":122,"column":96}}]},"6":{"loc":{"start":{"line":172,"column":23},"end":{"line":172,"column":97}},"type":"cond-expr","locations":[{"start":{"line":172,"column":61},"end":{"line":172,"column":85}},{"start":{"line":172,"column":88},"end":{"line":172,"column":97}}]},"7":{"loc":{"start":{"line":197,"column":26},"end":{"line":197,"column":67}},"type":"binary-expr","locations":[{"start":{"line":197,"column":26},"end":{"line":197,"column":48}},{"start":{"line":197,"column":52},"end":{"line":197,"column":67}}]},"8":{"loc":{"start":{"line":216,"column":27},"end":{"line":216,"column":96}},"type":"cond-expr","locations":[{"start":{"line":216,"column":65},"end":{"line":216,"column":89}},{"start":{"line":216,"column":92},"end":{"line":216,"column":96}}]},"9":{"loc":{"start":{"line":220,"column":19},"end":{"line":220,"column":51}},"type":"binary-expr","locations":[{"start":{"line":220,"column":19},"end":{"line":220,"column":39}},{"start":{"line":220,"column":43},"end":{"line":220,"column":51}}]},"10":{"loc":{"start":{"line":221,"column":17},"end":{"line":221,"column":62}},"type":"binary-expr","locations":[{"start":{"line":221,"column":17},"end":{"line":221,"column":35}},{"start":{"line":221,"column":39},"end":{"line":221,"column":62}}]}},"s":{"0":0,"1":0,"2":0,"3":0,"4":0,"5":0,"6":0,"7":0,"8":0,"9":0,"10":0,"11":0,"12":0,"13":0,"14":0,"15":0,"16":0,"17":0,"18":0,"19":0,"20":0,"21":0,"22":0,"23":0,"24":0,"25":0,"26":0,"27":0,"28":0,"29":0,"30":0,"31":0,"32":0,"33":0,"34":0,"35":0,"36":0,"37":0,"38":0,"39":0,"40":0,"41":0,"42":0,"43":0,"44":0,"45":0,"46":0,"47":0},"f":{"0":0,"1":0,"2":0,"3":0,"4":0,"5":0},"b":{"0":[0,0],"1":[0,0],"2":[0,0],"3":[0,0],"4":[0],"5":[0,0],"6":[0,0],"7":[0,0],"8":[0,0],"9":[0,0],"10":[0,0]}}
,"D:\\My actions\\Current skills\\Web Projects\\kyc-system\\backend\\src\\services\\multiLanguageService.ts": {"path":"D:\\My actions\\Current skills\\Web Projects\\kyc-system\\backend\\src\\services\\multiLanguageService.ts","statementMap":{"0":{"start":{"line":1,"column":0},"end":{"line":1,"column":42}},"1":{"start":{"line":12,"column":10},"end":{"line":33,"column":4}},"2":{"start":{"line":42,"column":4},"end":{"line":62,"column":5}},"3":{"start":{"line":43,"column":6},"end":{"line":46,"column":7}},"4":{"start":{"line":44,"column":8},"end":{"line":44,"column":82}},"5":{"start":{"line":45,"column":8},"end":{"line":45,"column":36}},"6":{"start":{"line":48,"column":6},"end":{"line":58,"column":7}},"7":{"start":{"line":49,"column":29},"end":{"line":51,"column":null}},"8":{"start":{"line":53,"column":8},"end":{"line":53,"column":75}},"9":{"start":{"line":54,"column":8},"end":{"line":54,"column":28}},"10":{"start":{"line":56,"column":8},"end":{"line":56,"column":59}},"11":{"start":{"line":57,"column":8},"end":{"line":57,"column":36}},"12":{"start":{"line":60,"column":6},"end":{"line":60,"column":63}},"13":{"start":{"line":61,"column":6},"end":{"line":61,"column":34}},"14":{"start":{"line":73,"column":4},"end":{"line":97,"column":5}},"15":{"start":{"line":74,"column":6},"end":{"line":77,"column":7}},"16":{"start":{"line":75,"column":8},"end":{"line":75,"column":74}},"17":{"start":{"line":76,"column":8},"end":{"line":76,"column":20}},"18":{"start":{"line":80,"column":6},"end":{"line":84,"column":7}},"19":{"start":{"line":81,"column":8},"end":{"line":83,"column":10}},"20":{"start":{"line":86,"column":6},"end":{"line":93,"column":7}},"21":{"start":{"line":87,"column":27},"end":{"line":87,"column":95}},"22":{"start":{"line":88,"column":8},"end":{"line":88,"column":60}},"23":{"start":{"line":89,"column":8},"end":{"line":89,"column":26}},"24":{"start":{"line":91,"column":8},"end":{"line":91,"column":80}},"25":{"start":{"line":92,"column":8},"end":{"line":92,"column":20}},"26":{"start":{"line":95,"column":6},"end":{"line":95,"column":60}},"27":{"start":{"line":96,"column":6},"end":{"line":96,"column":18}},"28":{"start":{"line":104,"column":4},"end":{"line":120,"column":5}},"29":{"start":{"line":105,"column":6},"end":{"line":107,"column":7}},"30":{"start":{"line":106,"column":8},"end":{"line":106,"column":25}},"31":{"start":{"line":109,"column":6},"end":{"line":116,"column":7}},"32":{"start":{"line":110,"column":33},"end":{"line":110,"column":70}},"33":{"start":{"line":111,"column":8},"end":{"line":111,"column":62}},"34":{"start":{"line":112,"column":8},"end":{"line":112,"column":32}},"35":{"start":{"line":114,"column":8},"end":{"line":114,"column":66}},"36":{"start":{"line":115,"column":8},"end":{"line":115,"column":25}},"37":{"start":{"line":118,"column":6},"end":{"line":118,"column":56}},"38":{"start":{"line":119,"column":6},"end":{"line":119,"column":23}},"39":{"start":{"line":127,"column":4},"end":{"line":127,"column":35}},"40":{"start":{"line":138,"column":4},"end":{"line":155,"column":5}},"41":{"start":{"line":139,"column":6},"end":{"line":141,"column":7}},"42":{"start":{"line":140,"column":8},"end":{"line":140,"column":44}},"43":{"start":{"line":143,"column":55},"end":{"line":146,"column":8}},"44":{"start":{"line":148,"column":6},"end":{"line":151,"column":8}},"45":{"start":{"line":153,"column":6},"end":{"line":153,"column":62}},"46":{"start":{"line":154,"column":6},"end":{"line":154,"column":42}},"47":{"start":{"line":8,"column":0},"end":{"line":8,"column":13}},"48":{"start":{"line":159,"column":13},"end":{"line":159,"column":63}}},"fnMap":{"0":{"name":"(anonymous_0)","decl":{"start":{"line":8,"column":0},"end":{"line":8,"column":13}},"loc":{"start":{"line":8,"column":0},"end":{"line":157,"column":1}}},"1":{"name":"(anonymous_1)","decl":{"start":{"line":38,"column":2},"end":{"line":38,"column":7}},"loc":{"start":{"line":40,"column":23},"end":{"line":63,"column":3}}},"2":{"name":"(anonymous_2)","decl":{"start":{"line":68,"column":2},"end":{"line":68,"column":7}},"loc":{"start":{"line":71,"column":38},"end":{"line":98,"column":3}}},"3":{"name":"(anonymous_3)","decl":{"start":{"line":103,"column":2},"end":{"line":103,"column":7}},"loc":{"start":{"line":103,"column":35},"end":{"line":121,"column":3}}},"4":{"name":"(anonymous_4)","decl":{"start":{"line":126,"column":2},"end":{"line":126,"column":23}},"loc":{"start":{"line":126,"column":23},"end":{"line":128,"column":3}}},"5":{"name":"(anonymous_5)","decl":{"start":{"line":133,"column":2},"end":{"line":133,"column":7}},"loc":{"start":{"line":136,"column":26},"end":{"line":156,"column":3}}}},"branchMap":{"0":{"loc":{"start":{"line":43,"column":6},"end":{"line":46,"column":7}},"type":"if","locations":[{"start":{"line":43,"column":6},"end":{"line":46,"column":7}}]},"1":{"loc":{"start":{"line":43,"column":10},"end":{"line":43,"column":86}},"type":"binary-expr","locations":[{"start":{"line":43,"column":10},"end":{"line":43,"column":40}},{"start":{"line":43,"column":44},"end":{"line":43,"column":86}}]},"2":{"loc":{"start":{"line":71,"column":4},"end":{"line":71,"column":38}},"type":"default-arg","locations":[{"start":{"line":71,"column":29},"end":{"line":71,"column":38}}]},"3":{"loc":{"start":{"line":74,"column":6},"end":{"line":77,"column":7}},"type":"if","locations":[{"start":{"line":74,"column":6},"end":{"line":77,"column":7}}]},"4":{"loc":{"start":{"line":74,"column":10},"end":{"line":74,"column":86}},"type":"binary-expr","locations":[{"start":{"line":74,"column":10},"end":{"line":74,"column":40}},{"start":{"line":74,"column":44},"end":{"line":74,"column":86}}]},"5":{"loc":{"start":{"line":80,"column":6},"end":{"line":84,"column":7}},"type":"if","locations":[{"start":{"line":80,"column":6},"end":{"line":84,"column":7}}]},"6":{"loc":{"start":{"line":105,"column":6},"end":{"line":107,"column":7}},"type":"if","locations":[{"start":{"line":105,"column":6},"end":{"line":107,"column":7}}]},"7":{"loc":{"start":{"line":105,"column":10},"end":{"line":105,"column":86}},"type":"binary-expr","locations":[{"start":{"line":105,"column":10},"end":{"line":105,"column":40}},{"start":{"line":105,"column":44},"end":{"line":105,"column":86}}]},"8":{"loc":{"start":{"line":139,"column":6},"end":{"line":141,"column":7}},"type":"if","locations":[{"start":{"line":139,"column":6},"end":{"line":141,"column":7}}]},"9":{"loc":{"start":{"line":139,"column":10},"end":{"line":139,"column":86}},"type":"binary-expr","locations":[{"start":{"line":139,"column":10},"end":{"line":139,"column":40}},{"start":{"line":139,"column":44},"end":{"line":139,"column":86}}]},"10":{"loc":{"start":{"line":145,"column":8},"end":{"line":145,"column":101}},"type":"cond-expr","locations":[{"start":{"line":145,"column":26},"end":{"line":145,"column":77}},{"start":{"line":145,"column":80},"end":{"line":145,"column":101}}]}},"s":{"0":0,"1":0,"2":0,"3":0,"4":0,"5":0,"6":0,"7":0,"8":0,"9":0,"10":0,"11":0,"12":0,"13":0,"14":0,"15":0,"16":0,"17":0,"18":0,"19":0,"20":0,"21":0,"22":0,"23":0,"24":0,"25":0,"26":0,"27":0,"28":0,"29":0,"30":0,"31":0,"32":0,"33":0,"34":0,"35":0,"36":0,"37":0,"38":0,"39":0,"40":0,"41":0,"42":0,"43":0,"44":0,"45":0,"46":0,"47":0,"48":0},"f":{"0":0,"1":0,"2":0,"3":0,"4":0,"5":0},"b":{"0":[0],"1":[0,0],"2":[0],"3":[0],"4":[0,0],"5":[0],"6":[0],"7":[0,0],"8":[0],"9":[0,0],"10":[0,0]}}
,"D:\\My actions\\Current skills\\Web Projects\\kyc-system\\backend\\src\\services\\pdfService.ts": {"path":"D:\\My actions\\Current skills\\Web Projects\\kyc-system\\backend\\src\\services\\pdfService.ts","statementMap":{"0":{"start":{"line":1,"column":0},"end":{"line":1,"column":33}},"1":{"start":{"line":6,"column":16},"end":{"line":6,"column":47}},"2":{"start":{"line":9,"column":4},"end":{"line":13,"column":18}},"3":{"start":{"line":16,"column":4},"end":{"line":22,"column":19}},"4":{"start":{"line":25,"column":4},"end":{"line":29,"column":21}},"5":{"start":{"line":31,"column":4},"end":{"line":33,"column":25}},"6":{"start":{"line":35,"column":4},"end":{"line":35,"column":50}},"7":{"start":{"line":36,"column":4},"end":{"line":36,"column":88}},"8":{"start":{"line":37,"column":4},"end":{"line":37,"column":47}},"9":{"start":{"line":38,"column":4},"end":{"line":38,"column":41}},"10":{"start":{"line":39,"column":4},"end":{"line":39,"column":47}},"11":{"start":{"line":40,"column":4},"end":{"line":40,"column":54}},"12":{"start":{"line":42,"column":4},"end":{"line":42,"column":19}},"13":{"start":{"line":45,"column":4},"end":{"line":49,"column":21}},"14":{"start":{"line":51,"column":4},"end":{"line":53,"column":25}},"15":{"start":{"line":55,"column":4},"end":{"line":55,"column":79}},"16":{"start":{"line":56,"column":4},"end":{"line":56,"column":50}},"17":{"start":{"line":58,"column":4},"end":{"line":61,"column":5}},"18":{"start":{"line":59,"column":6},"end":{"line":59,"column":21}},"19":{"start":{"line":60,"column":6},"end":{"line":60,"column":71}},"20":{"start":{"line":63,"column":4},"end":{"line":63,"column":19}},"21":{"start":{"line":66,"column":4},"end":{"line":70,"column":21}},"22":{"start":{"line":72,"column":4},"end":{"line":76,"column":18}},"23":{"start":{"line":79,"column":4},"end":{"line":96,"column":5}},"24":{"start":{"line":80,"column":6},"end":{"line":80,"column":21}},"25":{"start":{"line":81,"column":6},"end":{"line":85,"column":23}},"26":{"start":{"line":87,"column":6},"end":{"line":89,"column":27}},"27":{"start":{"line":91,"column":6},"end":{"line":91,"column":83}},"28":{"start":{"line":93,"column":6},"end":{"line":95,"column":7}},"29":{"start":{"line":94,"column":8},"end":{"line":94,"column":68}},"30":{"start":{"line":99,"column":4},"end":{"line":108,"column":8}},"31":{"start":{"line":110,"column":4},"end":{"line":110,"column":15}},"32":{"start":{"line":114,"column":4},"end":{"line":119,"column":21}},"33":{"start":{"line":4,"column":0},"end":{"line":4,"column":13}},"34":{"start":{"line":123,"column":0},"end":{"line":123,"column":32}}},"fnMap":{"0":{"name":"(anonymous_1)","decl":{"start":{"line":5,"column":2},"end":{"line":5,"column":16}},"loc":{"start":{"line":5,"column":34},"end":{"line":111,"column":3}}},"1":{"name":"(anonymous_2)","decl":{"start":{"line":113,"column":10},"end":{"line":113,"column":18}},"loc":{"start":{"line":113,"column":72},"end":{"line":120,"column":3}}}},"branchMap":{"0":{"loc":{"start":{"line":19,"column":17},"end":{"line":19,"column":60}},"type":"cond-expr","locations":[{"start":{"line":19,"column":45},"end":{"line":19,"column":52}},{"start":{"line":19,"column":55},"end":{"line":19,"column":60}}]},"1":{"loc":{"start":{"line":58,"column":4},"end":{"line":61,"column":5}},"type":"if","locations":[{"start":{"line":58,"column":4},"end":{"line":61,"column":5}}]},"2":{"loc":{"start":{"line":79,"column":4},"end":{"line":96,"column":5}},"type":"if","locations":[{"start":{"line":79,"column":4},"end":{"line":96,"column":5}}]},"3":{"loc":{"start":{"line":93,"column":6},"end":{"line":95,"column":7}},"type":"if","locations":[{"start":{"line":93,"column":6},"end":{"line":95,"column":7}}]}},"s":{"0":0,"1":0,"2":0,"3":0,"4":0,"5":0,"6":0,"7":0,"8":0,"9":0,"10":0,"11":0,"12":0,"13":0,"14":0,"15":0,"16":0,"17":0,"18":0,"19":0,"20":0,"21":0,"22":0,"23":0,"24":0,"25":0,"26":0,"27":0,"28":0,"29":0,"30":0,"31":0,"32":0,"33":0,"34":0},"f":{"0":0,"1":0},"b":{"0":[0,0],"1":[0],"2":[0],"3":[0]}}
,"D:\\My actions\\Current skills\\Web Projects\\kyc-system\\backend\\src\\services\\queueService.ts": {"path":"D:\\My actions\\Current skills\\Web Projects\\kyc-system\\backend\\src\\services\\queueService.ts","statementMap":{"0":{"start":{"line":1,"column":0},"end":{"line":1,"column":52}},"1":{"start":{"line":2,"column":0},"end":{"line":2,"column":32}},"2":{"start":{"line":3,"column":0},"end":{"line":3,"column":46}},"3":{"start":{"line":8,"column":4},"end":{"line":31,"column":7}},"4":{"start":{"line":9,"column":6},"end":{"line":30,"column":7}},"5":{"start":{"line":10,"column":8},"end":{"line":10,"column":75}},"6":{"start":{"line":13,"column":24},"end":{"line":13,"column":77}},"7":{"start":{"line":16,"column":20},"end":{"line":22,"column":10}},"8":{"start":{"line":24,"column":8},"end":{"line":24,"column":25}},"9":{"start":{"line":26,"column":8},"end":{"line":26,"column":71}},"10":{"start":{"line":28,"column":8},"end":{"line":28,"column":65}},"11":{"start":{"line":29,"column":8},"end":{"line":29,"column":20}},"12":{"start":{"line":35,"column":34},"end":{"line":38,"column":6}},"13":{"start":{"line":40,"column":4},"end":{"line":40,"column":57}},"14":{"start":{"line":6,"column":0},"end":{"line":6,"column":13}},"15":{"start":{"line":44,"column":0},"end":{"line":44,"column":34}}},"fnMap":{"0":{"name":"(anonymous_1)","decl":{"start":{"line":7,"column":2},"end":{"line":7,"column":7}},"loc":{"start":{"line":7,"column":23},"end":{"line":32,"column":3}}},"1":{"name":"(anonymous_2)","decl":{"start":{"line":8,"column":42},"end":{"line":8,"column":47}},"loc":{"start":{"line":8,"column":74},"end":{"line":31,"column":5}}},"2":{"name":"(anonymous_3)","decl":{"start":{"line":34,"column":2},"end":{"line":34,"column":7}},"loc":{"start":{"line":34,"column":47},"end":{"line":41,"column":3}}}},"branchMap":{},"s":{"0":0,"1":0,"2":0,"3":0,"4":0,"5":0,"6":0,"7":0,"8":0,"9":0,"10":0,"11":0,"12":0,"13":0,"14":0,"15":0},"f":{"0":0,"1":0,"2":0},"b":{}}
,"D:\\My actions\\Current skills\\Web Projects\\kyc-system\\backend\\src\\services\\rejectionReasonService.ts": {"path":"D:\\My actions\\Current skills\\Web Projects\\kyc-system\\backend\\src\\services\\rejectionReasonService.ts","statementMap":{"0":{"start":{"line":1,"column":0},"end":{"line":1,"column":42}},"1":{"start":{"line":16,"column":4},"end":{"line":38,"column":5}},"2":{"start":{"line":18,"column":6},"end":{"line":31,"column":7}},"3":{"start":{"line":19,"column":8},"end":{"line":30,"column":9}},"4":{"start":{"line":20,"column":25},"end":{"line":25,"column":12}},"5":{"start":{"line":26,"column":10},"end":{"line":26,"column":62}},"6":{"start":{"line":27,"column":10},"end":{"line":27,"column":24}},"7":{"start":{"line":29,"column":10},"end":{"line":29,"column":93}},"8":{"start":{"line":34,"column":6},"end":{"line":34,"column":52}},"9":{"start":{"line":36,"column":6},"end":{"line":36,"column":65}},"10":{"start":{"line":37,"column":6},"end":{"line":37,"column":52}},"11":{"start":{"line":45,"column":46},"end":{"line":60,"column":6}},"12":{"start":{"line":62,"column":19},"end":{"line":62,"column":42}},"13":{"start":{"line":63,"column":4},"end":{"line":63,"column":51}},"14":{"start":{"line":70,"column":4},"end":{"line":78,"column":6}},"15":{"start":{"line":11,"column":0},"end":{"line":11,"column":13}},"16":{"start":{"line":82,"column":13},"end":{"line":82,"column":67}}},"fnMap":{"0":{"name":"(anonymous_0)","decl":{"start":{"line":15,"column":2},"end":{"line":15,"column":7}},"loc":{"start":{"line":15,"column":59},"end":{"line":39,"column":3}}},"1":{"name":"(anonymous_1)","decl":{"start":{"line":44,"column":10},"end":{"line":44,"column":36}},"loc":{"start":{"line":44,"column":64},"end":{"line":64,"column":3}}},"2":{"name":"(anonymous_2)","decl":{"start":{"line":69,"column":2},"end":{"line":69,"column":21}},"loc":{"start":{"line":69,"column":21},"end":{"line":79,"column":3}}}},"branchMap":{"0":{"loc":{"start":{"line":18,"column":6},"end":{"line":31,"column":7}},"type":"if","locations":[{"start":{"line":18,"column":6},"end":{"line":31,"column":7}}]},"1":{"loc":{"start":{"line":18,"column":10},"end":{"line":18,"column":83}},"type":"binary-expr","locations":[{"start":{"line":18,"column":10},"end":{"line":18,"column":39}},{"start":{"line":18,"column":43},"end":{"line":18,"column":83}}]},"2":{"loc":{"start":{"line":24,"column":20},"end":{"line":24,"column":54}},"type":"binary-expr","locations":[{"start":{"line":24,"column":20},"end":{"line":24,"column":38}},{"start":{"line":24,"column":42},"end":{"line":24,"column":54}}]},"3":{"loc":{"start":{"line":59,"column":88},"end":{"line":59,"column":131}},"type":"binary-expr","locations":[{"start":{"line":59,"column":88},"end":{"line":59,"column":106}},{"start":{"line":59,"column":110},"end":{"line":59,"column":131}}]},"4":{"loc":{"start":{"line":62,"column":19},"end":{"line":62,"column":42}},"type":"binary-expr","locations":[{"start":{"line":62,"column":19},"end":{"line":62,"column":31}},{"start":{"line":62,"column":35},"end":{"line":62,"column":42}}]},"5":{"loc":{"start":{"line":63,"column":11},"end":{"line":63,"column":50}},"type":"binary-expr","locations":[{"start":{"line":63,"column":11},"end":{"line":63,"column":28}},{"start":{"line":63,"column":32},"end":{"line":63,"column":50}}]}},"s":{"0":0,"1":0,"2":0,"3":0,"4":0,"5":0,"6":0,"7":0,"8":0,"9":0,"10":0,"11":0,"12":0,"13":0,"14":0,"15":0,"16":0},"f":{"0":0,"1":0,"2":0},"b":{"0":[0],"1":[0,0],"2":[0,0],"3":[0,0],"4":[0,0],"5":[0,0]}}
,"D:\\My actions\\Current skills\\Web Projects\\kyc-system\\backend\\src\\services\\summaryService.ts": {"path":"D:\\My actions\\Current skills\\Web Projects\\kyc-system\\backend\\src\\services\\summaryService.ts","statementMap":{"0":{"start":{"line":2,"column":0},"end":{"line":2,"column":42}},"1":{"start":{"line":10,"column":4},"end":{"line":68,"column":5}},"2":{"start":{"line":12,"column":6},"end":{"line":30,"column":7}},"3":{"start":{"line":13,"column":8},"end":{"line":29,"column":9}},"4":{"start":{"line":14,"column":26},"end":{"line":24,"column":12}},"5":{"start":{"line":25,"column":10},"end":{"line":25,"column":65}},"6":{"start":{"line":26,"column":10},"end":{"line":26,"column":25}},"7":{"start":{"line":28,"column":10},"end":{"line":28,"column":93}},"8":{"start":{"line":33,"column":21},"end":{"line":33,"column":54}},"9":{"start":{"line":35,"column":6},"end":{"line":61,"column":7}},"10":{"start":{"line":36,"column":8},"end":{"line":60,"column":9}},"11":{"start":{"line":37,"column":26},"end":{"line":44,"column":8}},"12":{"start":{"line":46,"column":27},"end":{"line":52,"column":12}},"13":{"start":{"line":54,"column":10},"end":{"line":57,"column":11}},"14":{"start":{"line":55,"column":26},"end":{"line":55,"column":47}},"15":{"start":{"line":56,"column":12},"end":{"line":56,"column":65}},"16":{"start":{"line":59,"column":10},"end":{"line":59,"column":73}},"17":{"start":{"line":64,"column":6},"end":{"line":64,"column":43}},"18":{"start":{"line":66,"column":6},"end":{"line":66,"column":56}},"19":{"start":{"line":67,"column":6},"end":{"line":67,"column":43}},"20":{"start":{"line":72,"column":16},"end":{"line":72,"column":64}},"21":{"start":{"line":73,"column":28},"end":{"line":73,"column":75}},"22":{"start":{"line":75,"column":4},"end":{"line":75,"column":337}},"23":{"start":{"line":79,"column":18},"end":{"line":79,"column":28}},"24":{"start":{"line":80,"column":14},"end":{"line":80,"column":59}},"25":{"start":{"line":81,"column":22},"end":{"line":81,"column":61}},"26":{"start":{"line":83,"column":4},"end":{"line":85,"column":5}},"27":{"start":{"line":84,"column":6},"end":{"line":84,"column":12}},"28":{"start":{"line":87,"column":4},"end":{"line":87,"column":15}},"29":{"start":{"line":8,"column":0},"end":{"line":8,"column":13}},"30":{"start":{"line":91,"column":0},"end":{"line":91,"column":36}}},"fnMap":{"0":{"name":"(anonymous_0)","decl":{"start":{"line":9,"column":2},"end":{"line":9,"column":7}},"loc":{"start":{"line":9,"column":46},"end":{"line":69,"column":3}}},"1":{"name":"(anonymous_1)","decl":{"start":{"line":71,"column":10},"end":{"line":71,"column":25}},"loc":{"start":{"line":71,"column":48},"end":{"line":76,"column":3}}},"2":{"name":"(anonymous_2)","decl":{"start":{"line":78,"column":10},"end":{"line":78,"column":22}},"loc":{"start":{"line":78,"column":38},"end":{"line":88,"column":3}}}},"branchMap":{"0":{"loc":{"start":{"line":12,"column":6},"end":{"line":30,"column":7}},"type":"if","locations":[{"start":{"line":12,"column":6},"end":{"line":30,"column":7}}]},"1":{"loc":{"start":{"line":12,"column":10},"end":{"line":12,"column":81}},"type":"binary-expr","locations":[{"start":{"line":12,"column":10},"end":{"line":12,"column":39}},{"start":{"line":12,"column":43},"end":{"line":12,"column":81}}]},"2":{"loc":{"start":{"line":35,"column":6},"end":{"line":61,"column":7}},"type":"if","locations":[{"start":{"line":35,"column":6},"end":{"line":61,"column":7}}]},"3":{"loc":{"start":{"line":43,"column":34},"end":{"line":43,"column":66}},"type":"binary-expr","locations":[{"start":{"line":43,"column":34},"end":{"line":43,"column":56}},{"start":{"line":43,"column":60},"end":{"line":43,"column":66}}]},"4":{"loc":{"start":{"line":54,"column":10},"end":{"line":57,"column":11}},"type":"if","locations":[{"start":{"line":54,"column":10},"end":{"line":57,"column":11}}]},"5":{"loc":{"start":{"line":56,"column":19},"end":{"line":56,"column":64}},"type":"binary-expr","locations":[{"start":{"line":56,"column":19},"end":{"line":56,"column":31}},{"start":{"line":56,"column":35},"end":{"line":56,"column":64}}]},"6":{"loc":{"start":{"line":75,"column":240},"end":{"line":75,"column":334}},"type":"cond-expr","locations":[{"start":{"line":75,"column":265},"end":{"line":75,"column":329}},{"start":{"line":75,"column":332},"end":{"line":75,"column":334}}]},"7":{"loc":{"start":{"line":83,"column":4},"end":{"line":85,"column":5}},"type":"if","locations":[{"start":{"line":83,"column":4},"end":{"line":85,"column":5}}]},"8":{"loc":{"start":{"line":83,"column":8},"end":{"line":83,"column":83}},"type":"binary-expr","locations":[{"start":{"line":83,"column":8},"end":{"line":83,"column":21}},{"start":{"line":83,"column":26},"end":{"line":83,"column":41}},{"start":{"line":83,"column":45},"end":{"line":83,"column":82}}]}},"s":{"0":0,"1":0,"2":0,"3":0,"4":0,"5":0,"6":0,"7":0,"8":0,"9":0,"10":0,"11":0,"12":0,"13":0,"14":0,"15":0,"16":0,"17":0,"18":0,"19":0,"20":0,"21":0,"22":0,"23":0,"24":0,"25":0,"26":0,"27":0,"28":0,"29":0,"30":0},"f":{"0":0,"1":0,"2":0},"b":{"0":[0],"1":[0,0],"2":[0],"3":[0,0],"4":[0],"5":[0,0],"6":[0,0],"7":[0],"8":[0,0,0]}}
,"D:\\My actions\\Current skills\\Web Projects\\kyc-system\\backend\\src\\utils\\logger.ts": {"path":"D:\\My actions\\Current skills\\Web Projects\\kyc-system\\backend\\src\\utils\\logger.ts","statementMap":{"0":{"start":{"line":1,"column":0},"end":{"line":1,"column":20}},"1":{"start":{"line":2,"column":0},"end":{"line":2,"column":24}},"2":{"start":{"line":4,"column":0},"end":{"line":4,"column":null}},"3":{"start":{"line":5,"column":2},"end":{"line":5,"column":null}},"4":{"start":{"line":6,"column":2},"end":{"line":6,"column":null}},"5":{"start":{"line":7,"column":2},"end":{"line":7,"column":null}},"6":{"start":{"line":8,"column":2},"end":{"line":8,"column":null}},"7":{"start":{"line":22,"column":4},"end":{"line":22,"column":25}},"8":{"start":{"line":23,"column":4},"end":{"line":23,"column":41}},"9":{"start":{"line":24,"column":4},"end":{"line":24,"column":35}},"10":{"start":{"line":27,"column":17},"end":{"line":27,"column":55}},"11":{"start":{"line":28,"column":4},"end":{"line":28,"column":61}},"12":{"start":{"line":31,"column":4},"end":{"line":33,"column":5}},"13":{"start":{"line":32,"column":6},"end":{"line":32,"column":53}},"14":{"start":{"line":41,"column":22},"end":{"line":41,"column":46}},"15":{"start":{"line":42,"column":20},"end":{"line":42,"column":58}},"16":{"start":{"line":43,"column":4},"end":{"line":43,"column":60}},"17":{"start":{"line":47,"column":4},"end":{"line":47,"column":34}},"18":{"start":{"line":47,"column":27},"end":{"line":47,"column":34}},"19":{"start":{"line":49,"column":4},"end":{"line":53,"column":5}},"20":{"start":{"line":50,"column":6},"end":{"line":50,"column":72}},"21":{"start":{"line":52,"column":6},"end":{"line":52,"column":59}},"22":{"start":{"line":57,"column":29},"end":{"line":57,"column":69}},"23":{"start":{"line":59,"column":4},"end":{"line":62,"column":5}},"24":{"start":{"line":60,"column":28},"end":{"line":60,"column":56}},"25":{"start":{"line":61,"column":6},"end":{"line":61,"column":38}},"26":{"start":{"line":64,"column":4},"end":{"line":64,"column":39}},"27":{"start":{"line":68,"column":4},"end":{"line":79,"column":5}},"28":{"start":{"line":70,"column":8},"end":{"line":70,"column":29}},"29":{"start":{"line":72,"column":8},"end":{"line":72,"column":28}},"30":{"start":{"line":74,"column":8},"end":{"line":74,"column":28}},"31":{"start":{"line":76,"column":8},"end":{"line":76,"column":29}},"32":{"start":{"line":78,"column":8},"end":{"line":78,"column":27}},"33":{"start":{"line":83,"column":4},"end":{"line":83,"column":44}},"34":{"start":{"line":87,"column":4},"end":{"line":87,"column":43}},"35":{"start":{"line":91,"column":4},"end":{"line":91,"column":43}},"36":{"start":{"line":95,"column":4},"end":{"line":95,"column":44}},"37":{"start":{"line":99,"column":4},"end":{"line":99,"column":24}},"38":{"start":{"line":103,"column":4},"end":{"line":103,"column":23}},"39":{"start":{"line":108,"column":4},"end":{"line":119,"column":5}},"40":{"start":{"line":109,"column":6},"end":{"line":111,"column":7}},"41":{"start":{"line":110,"column":8},"end":{"line":110,"column":35}},"42":{"start":{"line":113,"column":22},"end":{"line":113,"column":60}},"43":{"start":{"line":114,"column":23},"end":{"line":114,"column":72}},"44":{"start":{"line":114,"column":60},"end":{"line":114,"column":71}},"45":{"start":{"line":116,"column":6},"end":{"line":116,"column":47}},"46":{"start":{"line":118,"column":6},"end":{"line":118,"column":44}},"47":{"start":{"line":124,"column":4},"end":{"line":143,"column":5}},"48":{"start":{"line":125,"column":6},"end":{"line":125,"column":46}},"49":{"start":{"line":125,"column":39},"end":{"line":125,"column":46}},"50":{"start":{"line":127,"column":18},"end":{"line":127,"column":28}},"51":{"start":{"line":128,"column":20},"end":{"line":128,"column":47}},"52":{"start":{"line":130,"column":6},"end":{"line":140,"column":9}},"53":{"start":{"line":131,"column":25},"end":{"line":131,"column":53}},"54":{"start":{"line":132,"column":22},"end":{"line":132,"column":43}},"55":{"start":{"line":133,"column":24},"end":{"line":133,"column":43}},"56":{"start":{"line":134,"column":28},"end":{"line":134,"column":59}},"57":{"start":{"line":136,"column":8},"end":{"line":139,"column":9}},"58":{"start":{"line":137,"column":10},"end":{"line":137,"column":34}},"59":{"start":{"line":138,"column":10},"end":{"line":138,"column":53}},"60":{"start":{"line":142,"column":6},"end":{"line":142,"column":52}},"61":{"start":{"line":11,"column":0},"end":{"line":11,"column":13}},"62":{"start":{"line":148,"column":13},"end":{"line":151,"column":2}}},"fnMap":{"0":{"name":"(anonymous_1)","decl":{"start":{"line":4,"column":0},"end":{"line":4,"column":12}},"loc":{"start":{"line":4,"column":20},"end":{"line":9,"column":1}}},"1":{"name":"(anonymous_2)","decl":{"start":{"line":17,"column":2},"end":{"line":17,"column":null}},"loc":{"start":{"line":20,"column":31},"end":{"line":34,"column":3}}},"2":{"name":"(anonymous_3)","decl":{"start":{"line":36,"column":10},"end":{"line":36,"column":23}},"loc":{"start":{"line":39,"column":14},"end":{"line":44,"column":3}}},"3":{"name":"(anonymous_4)","decl":{"start":{"line":46,"column":10},"end":{"line":46,"column":21}},"loc":{"start":{"line":46,"column":46},"end":{"line":54,"column":3}}},"4":{"name":"(anonymous_5)","decl":{"start":{"line":56,"column":10},"end":{"line":56,"column":13}},"loc":{"start":{"line":56,"column":58},"end":{"line":65,"column":3}}},"5":{"name":"(anonymous_6)","decl":{"start":{"line":67,"column":10},"end":{"line":67,"column":26}},"loc":{"start":{"line":67,"column":42},"end":{"line":80,"column":3}}},"6":{"name":"(anonymous_7)","decl":{"start":{"line":82,"column":2},"end":{"line":82,"column":7}},"loc":{"start":{"line":82,"column":35},"end":{"line":84,"column":3}}},"7":{"name":"(anonymous_8)","decl":{"start":{"line":86,"column":2},"end":{"line":86,"column":6}},"loc":{"start":{"line":86,"column":34},"end":{"line":88,"column":3}}},"8":{"name":"(anonymous_9)","decl":{"start":{"line":90,"column":2},"end":{"line":90,"column":6}},"loc":{"start":{"line":90,"column":34},"end":{"line":92,"column":3}}},"9":{"name":"(anonymous_10)","decl":{"start":{"line":94,"column":2},"end":{"line":94,"column":7}},"loc":{"start":{"line":94,"column":35},"end":{"line":96,"column":3}}},"10":{"name":"(anonymous_11)","decl":{"start":{"line":98,"column":2},"end":{"line":98,"column":12}},"loc":{"start":{"line":98,"column":12},"end":{"line":100,"column":3}}},"11":{"name":"(anonymous_12)","decl":{"start":{"line":102,"column":2},"end":{"line":102,"column":11}},"loc":{"start":{"line":102,"column":11},"end":{"line":104,"column":3}}},"12":{"name":"(anonymous_13)","decl":{"start":{"line":107,"column":2},"end":{"line":107,"column":15}},"loc":{"start":{"line":107,"column":35},"end":{"line":120,"column":3}}},"13":{"name":"(anonymous_14)","decl":{"start":{"line":114,"column":50},"end":{"line":114,"column":51}},"loc":{"start":{"line":114,"column":60},"end":{"line":114,"column":71}}},"14":{"name":"(anonymous_15)","decl":{"start":{"line":123,"column":2},"end":{"line":123,"column":14}},"loc":{"start":{"line":123,"column":34},"end":{"line":144,"column":3}}},"15":{"name":"(anonymous_16)","decl":{"start":{"line":130,"column":20},"end":{"line":130,"column":21}},"loc":{"start":{"line":130,"column":29},"end":{"line":140,"column":7}}}},"branchMap":{"0":{"loc":{"start":{"line":4,"column":12},"end":{"line":4,"column":null}},"type":"binary-expr","locations":[{"start":{"line":4,"column":12},"end":{"line":4,"column":20}},{"start":{"line":4,"column":20},"end":{"line":4,"column":null}}]},"1":{"loc":{"start":{"line":18,"column":4},"end":{"line":18,"column":27}},"type":"default-arg","locations":[{"start":{"line":18,"column":21},"end":{"line":18,"column":27}}]},"2":{"loc":{"start":{"line":19,"column":4},"end":{"line":19,"column":34}},"type":"default-arg","locations":[{"start":{"line":19,"column":30},"end":{"line":19,"column":34}}]},"3":{"loc":{"start":{"line":20,"column":4},"end":{"line":20,"column":31}},"type":"default-arg","locations":[{"start":{"line":20,"column":27},"end":{"line":20,"column":31}}]},"4":{"loc":{"start":{"line":31,"column":4},"end":{"line":33,"column":5}},"type":"if","locations":[{"start":{"line":31,"column":4},"end":{"line":33,"column":5}}]},"5":{"loc":{"start":{"line":31,"column":8},"end":{"line":31,"column":55}},"type":"binary-expr","locations":[{"start":{"line":31,"column":8},"end":{"line":31,"column":24}},{"start":{"line":31,"column":28},"end":{"line":31,"column":55}}]},"6":{"loc":{"start":{"line":42,"column":20},"end":{"line":42,"column":58}},"type":"cond-expr","locations":[{"start":{"line":42,"column":27},"end":{"line":42,"column":53}},{"start":{"line":42,"column":56},"end":{"line":42,"column":58}}]},"7":{"loc":{"start":{"line":47,"column":4},"end":{"line":47,"column":34}},"type":"if","locations":[{"start":{"line":47,"column":4},"end":{"line":47,"column":34}}]},"8":{"loc":{"start":{"line":59,"column":4},"end":{"line":62,"column":5}},"type":"if","locations":[{"start":{"line":59,"column":4},"end":{"line":62,"column":5}}]},"9":{"loc":{"start":{"line":68,"column":4},"end":{"line":79,"column":5}},"type":"switch","locations":[{"start":{"line":69,"column":6},"end":{"line":70,"column":29}},{"start":{"line":71,"column":6},"end":{"line":72,"column":28}},{"start":{"line":73,"column":6},"end":{"line":74,"column":28}},{"start":{"line":75,"column":6},"end":{"line":76,"column":29}},{"start":{"line":77,"column":6},"end":{"line":78,"column":27}}]},"10":{"loc":{"start":{"line":107,"column":16},"end":{"line":107,"column":35}},"type":"default-arg","locations":[{"start":{"line":107,"column":32},"end":{"line":107,"column":35}}]},"11":{"loc":{"start":{"line":109,"column":6},"end":{"line":111,"column":7}},"type":"if","locations":[{"start":{"line":109,"column":6},"end":{"line":111,"column":7}}]},"12":{"loc":{"start":{"line":123,"column":15},"end":{"line":123,"column":34}},"type":"default-arg","locations":[{"start":{"line":123,"column":33},"end":{"line":123,"column":34}}]},"13":{"loc":{"start":{"line":125,"column":6},"end":{"line":125,"column":46}},"type":"if","locations":[{"start":{"line":125,"column":6},"end":{"line":125,"column":46}}]},"14":{"loc":{"start":{"line":136,"column":8},"end":{"line":139,"column":9}},"type":"if","locations":[{"start":{"line":136,"column":8},"end":{"line":139,"column":9}}]},"15":{"loc":{"start":{"line":149,"column":2},"end":{"line":149,"column":31}},"type":"binary-expr","locations":[{"start":{"line":149,"column":2},"end":{"line":149,"column":21}},{"start":{"line":149,"column":25},"end":{"line":149,"column":31}}]}},"s":{"0":1,"1":1,"2":1,"3":1,"4":1,"5":1,"6":1,"7":20,"8":20,"9":20,"10":20,"11":20,"12":20,"13":1,"14":14,"15":14,"16":14,"17":14,"18":1,"19":13,"20":13,"21":0,"22":14,"23":14,"24":13,"25":13,"26":14,"27":13,"28":1,"29":9,"30":1,"31":2,"32":0,"33":1,"34":10,"35":1,"36":2,"37":3,"38":1,"39":10,"40":10,"41":1,"42":9,"43":9,"44":20,"45":9,"46":0,"47":0,"48":0,"49":0,"50":0,"51":0,"52":0,"53":0,"54":0,"55":0,"56":0,"57":0,"58":0,"59":0,"60":0,"61":1,"62":1},"f":{"0":1,"1":20,"2":14,"3":14,"4":14,"5":13,"6":1,"7":10,"8":1,"9":2,"10":3,"11":1,"12":10,"13":20,"14":0,"15":0},"b":{"0":[1,1],"1":[0],"2":[0],"3":[1],"4":[1],"5":[20,19],"6":[5,9],"7":[1],"8":[13],"9":[1,9,1,2,0],"10":[9],"11":[1],"12":[0],"13":[0],"14":[0],"15":[1,0]}}
,"D:\\My actions\\Current skills\\Web Projects\\kyc-system\\backend\\src\\utils\\validators.ts": {"path":"D:\\My actions\\Current skills\\Web Projects\\kyc-system\\backend\\src\\utils\\validators.ts","statementMap":{"0":{"start":{"line":1,"column":28},"end":{"line":4,"column":1}},"1":{"start":{"line":2,"column":21},"end":{"line":2,"column":49}},"2":{"start":{"line":3,"column":2},"end":{"line":3,"column":32}},"3":{"start":{"line":1,"column":13},"end":{"line":1,"column":28}},"4":{"start":{"line":6,"column":34},"end":{"line":9,"column":1}},"5":{"start":{"line":7,"column":21},"end":{"line":7,"column":38}},"6":{"start":{"line":8,"column":2},"end":{"line":8,"column":73}},"7":{"start":{"line":6,"column":13},"end":{"line":6,"column":34}},"8":{"start":{"line":11,"column":31},"end":{"line":13,"column":1}},"9":{"start":{"line":12,"column":2},"end":{"line":12,"column":30}},"10":{"start":{"line":11,"column":13},"end":{"line":11,"column":31}},"11":{"start":{"line":15,"column":27},"end":{"line":18,"column":1}},"12":{"start":{"line":16,"column":15},"end":{"line":16,"column":35}},"13":{"start":{"line":17,"column":2},"end":{"line":17,"column":56}},"14":{"start":{"line":15,"column":13},"end":{"line":15,"column":27}},"15":{"start":{"line":20,"column":23},"end":{"line":30,"column":1}},"16":{"start":{"line":21,"column":16},"end":{"line":21,"column":26}},"17":{"start":{"line":22,"column":14},"end":{"line":22,"column":59}},"18":{"start":{"line":23,"column":20},"end":{"line":23,"column":59}},"19":{"start":{"line":25,"column":2},"end":{"line":27,"column":3}},"20":{"start":{"line":26,"column":4},"end":{"line":26,"column":25}},"21":{"start":{"line":29,"column":2},"end":{"line":29,"column":19}},"22":{"start":{"line":20,"column":13},"end":{"line":20,"column":23}}},"fnMap":{"0":{"name":"(anonymous_0)","decl":{"start":{"line":1,"column":28},"end":{"line":1,"column":29}},"loc":{"start":{"line":1,"column":55},"end":{"line":4,"column":1}}},"1":{"name":"(anonymous_1)","decl":{"start":{"line":6,"column":34},"end":{"line":6,"column":35}},"loc":{"start":{"line":6,"column":61},"end":{"line":9,"column":1}}},"2":{"name":"(anonymous_2)","decl":{"start":{"line":11,"column":31},"end":{"line":11,"column":32}},"loc":{"start":{"line":11,"column":61},"end":{"line":13,"column":1}}},"3":{"name":"(anonymous_3)","decl":{"start":{"line":15,"column":27},"end":{"line":15,"column":28}},"loc":{"start":{"line":15,"column":59},"end":{"line":18,"column":1}}},"4":{"name":"(anonymous_4)","decl":{"start":{"line":20,"column":23},"end":{"line":20,"column":24}},"loc":{"start":{"line":20,"column":52},"end":{"line":30,"column":1}}}},"branchMap":{"0":{"loc":{"start":{"line":8,"column":9},"end":{"line":8,"column":72}},"type":"binary-expr","locations":[{"start":{"line":8,"column":9},"end":{"line":8,"column":31}},{"start":{"line":8,"column":35},"end":{"line":8,"column":72}}]},"1":{"loc":{"start":{"line":17,"column":9},"end":{"line":17,"column":55}},"type":"binary-expr","locations":[{"start":{"line":17,"column":9},"end":{"line":17,"column":29}},{"start":{"line":17,"column":33},"end":{"line":17,"column":55}}]},"2":{"loc":{"start":{"line":25,"column":2},"end":{"line":27,"column":3}},"type":"if","locations":[{"start":{"line":25,"column":2},"end":{"line":27,"column":3}}]},"3":{"loc":{"start":{"line":25,"column":6},"end":{"line":25,"column":81}},"type":"binary-expr","locations":[{"start":{"line":25,"column":6},"end":{"line":25,"column":19}},{"start":{"line":25,"column":24},"end":{"line":25,"column":39}},{"start":{"line":25,"column":43},"end":{"line":25,"column":80}}]}},"s":{"0":1,"1":11,"2":11,"3":1,"4":1,"5":9,"6":9,"7":1,"8":1,"9":8,"10":1,"11":1,"12":8,"13":8,"14":1,"15":1,"16":4,"17":4,"18":4,"19":4,"20":0,"21":4,"22":1},"f":{"0":11,"1":9,"2":8,"3":8,"4":4},"b":{"0":[9,7],"1":[8,8],"2":[0],"3":[4,4,3]}}
}
